setting 'ivy.default.settings.dir' to 'jar:file:/opt/simple-build-tool/lib/sbt-launch-0.10.0.jar!/org/apache/ivy/core/settings'
setting 'ivy.basedir' to '/data/src/github/sandobx/scala/unfiltered-sample/.'
setting 'ivy.default.conf.dir' to 'jar:file:/opt/simple-build-tool/lib/sbt-launch-0.10.0.jar!/org/apache/ivy/core/settings'
impossible to define new type: class not found: org.apache.ivy.plugins.version.PatternVersionMatcher in [] nor Ivy classloader
impossible to define new type: class not found: org.apache.ivy.plugins.trigger.LogTrigger in [] nor Ivy classloader
impossible to define new type: class not found: org.apache.ivy.plugins.resolver.DualResolver in [] nor Ivy classloader
impossible to define new type: class not found: org.apache.ivy.plugins.resolver.VsftpResolver in [] nor Ivy classloader
impossible to define new type: class not found: org.apache.ivy.plugins.conflict.RegexpConflictManager in [] nor Ivy classloader
impossible to define new type: class not found: org.apache.ivy.plugins.resolver.SshResolver in [] nor Ivy classloader
impossible to define new type: class not found: org.apache.ivy.plugins.resolver.VfsResolver in [] nor Ivy classloader
impossible to define new type: class not found: org.apache.ivy.plugins.signer.bouncycastle.OpenPGPSignatureGenerator in [] nor Ivy classloader
impossible to define new type: class not found: org.apache.ivy.plugins.resolver.SFTPResolver in [] nor Ivy classloader
impossible to define new type: class not found: org.apache.ivy.plugins.resolver.packager.PackagerResolver in [] nor Ivy classloader
impossible to define new type: class not found: org.apache.ivy.ant.AntCallTrigger in [] nor Ivy classloader
impossible to define new type: class not found: org.apache.ivy.plugins.resolver.IvyRepResolver in [] nor Ivy classloader
impossible to define new type: class not found: org.apache.ivy.ant.AntBuildTrigger in [] nor Ivy classloader
impossible to define glob matcher: org.apache.ivy.plugins.matcher.GlobPatternMatcher was not found.
setting 'java.runtime.name' to 'Java(TM) SE Runtime Environment'
setting 'sun.boot.library.path' to '/opt/sun-jdk-1.6.0.26/jre/lib/amd64'
setting 'java.vm.version' to '20.1-b02'
setting 'java.vm.vendor' to 'Sun Microsystems Inc.'
setting 'java.vendor.url' to 'http://java.sun.com/'
setting 'path.separator' to ':'
setting 'java.vm.name' to 'Java HotSpot(TM) 64-Bit Server VM'
setting 'file.encoding.pkg' to 'sun.io'
setting 'sun.java.launcher' to 'SUN_STANDARD'
setting 'user.country' to 'US'
setting 'sun.os.patch.level' to 'unknown'
setting 'java.vm.specification.name' to 'Java Virtual Machine Specification'
setting 'user.dir' to '/data/src/github/sandobx/scala/unfiltered-sample'
setting 'java.runtime.version' to '1.6.0_26-b03'
setting 'java.awt.graphicsenv' to 'sun.awt.X11GraphicsEnvironment'
setting 'java.endorsed.dirs' to '/opt/sun-jdk-1.6.0.26/jre/lib/endorsed'
setting 'os.arch' to 'amd64'
setting 'java.io.tmpdir' to '/tmp'
setting 'line.separator' to '
'
setting 'java.vm.specification.vendor' to 'Sun Microsystems Inc.'
setting 'os.name' to 'Linux'
setting 'sun.jnu.encoding' to 'UTF-8'
setting 'java.library.path' to '/opt/sun-jdk-1.6.0.26/jre/lib/amd64/server:/opt/sun-jdk-1.6.0.26/jre/lib/amd64:/opt/sun-jdk-1.6.0.26/jre/../lib/amd64:/usr/java/packages/lib/amd64:/usr/lib64:/lib64:/lib:/usr/lib'
setting 'java.specification.name' to 'Java Platform API Specification'
setting 'java.class.version' to '50.0'
setting 'sun.management.compiler' to 'HotSpot 64-Bit Tiered Compilers'
setting 'os.version' to '2.6.37-gentoo-r4'
setting 'user.home' to '/home/takuya'
setting 'user.timezone' to 'Japan'
setting 'java.awt.printerjob' to 'sun.print.PSPrinterJob'
setting 'file.encoding' to 'UTF-8'
setting 'java.specification.version' to '1.6'
setting 'java.class.path' to '/opt/simple-build-tool/bin/../lib/sbt-launch.jar'
setting 'user.name' to 'takuya'
setting 'java.vm.specification.version' to '1.0'
setting 'sun.java.command' to '/opt/simple-build-tool/bin/../lib/sbt-launch.jar update console'
setting 'java.home' to '/opt/sun-jdk-1.6.0.26/jre'
setting 'sun.arch.data.model' to '64'
setting 'user.language' to 'en'
setting 'java.specification.vendor' to 'Sun Microsystems Inc.'
setting 'java.vm.info' to 'mixed mode'
setting 'java.version' to '1.6.0_26'
setting 'java.ext.dirs' to '/opt/sun-jdk-1.6.0.26/jre/lib/ext:/usr/java/packages/lib/ext'
setting 'sun.boot.class.path' to '/opt/sun-jdk-1.6.0.26/jre/lib/resources.jar:/opt/sun-jdk-1.6.0.26/jre/lib/rt.jar:/opt/sun-jdk-1.6.0.26/jre/lib/sunrsasign.jar:/opt/sun-jdk-1.6.0.26/jre/lib/jsse.jar:/opt/sun-jdk-1.6.0.26/jre/lib/jce.jar:/opt/sun-jdk-1.6.0.26/jre/lib/charsets.jar:/opt/sun-jdk-1.6.0.26/jre/lib/modules/jdk.boot.jar:/opt/sun-jdk-1.6.0.26/jre/classes'
setting 'java.vendor' to 'Sun Microsystems Inc.'
setting 'file.separator' to '/'
setting 'java.vendor.url.bug' to 'http://java.sun.com/cgi-bin/bugreport.cgi'
setting 'sun.io.unicode.encoding' to 'UnicodeLittle'
setting 'sun.cpu.endian' to 'little'
setting 'sun.cpu.isalist' to ''
setting 'ivy.default.ivy.user.dir' to '/home/takuya/.ivy2'
setting 'ivy.home' to '/home/takuya/.ivy2'
setting 'ivy.cache.dir' to '/home/takuya/.ivy2/cache'
no default cache defined: set to /home/takuya/.ivy2/cache
setting 'ivy.checksums' to 'sha1,md5'
setting 'ivy.basedir' to '/data/src/github/sandobx/scala/unfiltered-sample/project/boot'
setting 'basedir' to '/data/src/github/sandobx/scala/unfiltered-sample/project/boot'
setting 'scala' to '2.8.1'
:: resolving dependencies :: org.scala-tools.sbt#boot-app;1.0
	confs: [default]
	validate = true
	refresh = false
resolving dependencies for configuration 'default'
== resolving dependencies for org.scala-tools.sbt#boot-app;1.0 [default]
loadData of org.scala-tools.sbt#boot-app;1.0 of rootConf=default
== resolving dependencies org.scala-tools.sbt#boot-app;1.0->org.scala-tools.sbt#sbt_2.8.1;0.10.0 [default->default(compile)]
loadData of org.scala-tools.sbt#sbt_2.8.1;0.10.0 of rootConf=default
	using redefined-public to resolve org.scala-tools.sbt#sbt_2.8.1;0.10.0
redefined-public: Checking cache for: dependency: org.scala-tools.sbt#sbt_2.8.1;0.10.0 {default=[default(compile)]}
redefined-public: no namespace defined: using system
No entry is found in the ModuleDescriptorCache : /home/takuya/.ivy2/cache/org.scala-tools.sbt/sbt_2.8.1/ivy-0.10.0.xml
post 1.3 ivy file: using exact as default matcher
	resolver not found: sbt-chain => trying to use the one configured for org.scala-tools.sbt#sbt_2.8.1;0.10.0
	configured resolver found for org.scala-tools.sbt#sbt_2.8.1;0.10.0: redefined-public: saving this data
	found ivy file in cache for org.scala-tools.sbt#sbt_2.8.1;0.10.0 (resolved by redefined-public): /home/takuya/.ivy2/cache/org.scala-tools.sbt/sbt_2.8.1/ivy-0.10.0.xml
redefined-public: module revision found in cache: org.scala-tools.sbt#sbt_2.8.1;0.10.0
redefined-public: no latest strategy defined: using default
	found org.scala-tools.sbt#sbt_2.8.1;0.10.0 in redefined-public
== resolving dependencies org.scala-tools.sbt#sbt_2.8.1;0.10.0->org.scala-tools.sbt#main_2.8.1;0.10.0 [default->default(compile)]
loadData of org.scala-tools.sbt#main_2.8.1;0.10.0 of rootConf=default
	using redefined-public to resolve org.scala-tools.sbt#main_2.8.1;0.10.0
redefined-public: Checking cache for: dependency: org.scala-tools.sbt#main_2.8.1;0.10.0 {default=[default(compile)]}
No entry is found in the ModuleDescriptorCache : /home/takuya/.ivy2/cache/org.scala-tools.sbt/main_2.8.1/ivy-0.10.0.xml
post 1.3 ivy file: using exact as default matcher
	resolver not found: sbt-chain => trying to use the one configured for org.scala-tools.sbt#main_2.8.1;0.10.0
	configured resolver found for org.scala-tools.sbt#main_2.8.1;0.10.0: redefined-public: saving this data
	found ivy file in cache for org.scala-tools.sbt#main_2.8.1;0.10.0 (resolved by redefined-public): /home/takuya/.ivy2/cache/org.scala-tools.sbt/main_2.8.1/ivy-0.10.0.xml
redefined-public: module revision found in cache: org.scala-tools.sbt#main_2.8.1;0.10.0
	found org.scala-tools.sbt#main_2.8.1;0.10.0 in redefined-public
== resolving dependencies org.scala-tools.sbt#main_2.8.1;0.10.0->org.scala-tools.sbt#actions_2.8.1;0.10.0 [default->default(compile)]
loadData of org.scala-tools.sbt#actions_2.8.1;0.10.0 of rootConf=default
	using redefined-public to resolve org.scala-tools.sbt#actions_2.8.1;0.10.0
redefined-public: Checking cache for: dependency: org.scala-tools.sbt#actions_2.8.1;0.10.0 {default=[default(compile)]}
No entry is found in the ModuleDescriptorCache : /home/takuya/.ivy2/cache/org.scala-tools.sbt/actions_2.8.1/ivy-0.10.0.xml
post 1.3 ivy file: using exact as default matcher
	resolver not found: sbt-chain => trying to use the one configured for org.scala-tools.sbt#actions_2.8.1;0.10.0
	configured resolver found for org.scala-tools.sbt#actions_2.8.1;0.10.0: redefined-public: saving this data
	found ivy file in cache for org.scala-tools.sbt#actions_2.8.1;0.10.0 (resolved by redefined-public): /home/takuya/.ivy2/cache/org.scala-tools.sbt/actions_2.8.1/ivy-0.10.0.xml
redefined-public: module revision found in cache: org.scala-tools.sbt#actions_2.8.1;0.10.0
	found org.scala-tools.sbt#actions_2.8.1;0.10.0 in redefined-public
== resolving dependencies org.scala-tools.sbt#actions_2.8.1;0.10.0->org.scala-tools.sbt#classfile_2.8.1;0.10.0 [default->default(compile)]
loadData of org.scala-tools.sbt#classfile_2.8.1;0.10.0 of rootConf=default
	using redefined-public to resolve org.scala-tools.sbt#classfile_2.8.1;0.10.0
redefined-public: Checking cache for: dependency: org.scala-tools.sbt#classfile_2.8.1;0.10.0 {default=[default(compile)]}
No entry is found in the ModuleDescriptorCache : /home/takuya/.ivy2/cache/org.scala-tools.sbt/classfile_2.8.1/ivy-0.10.0.xml
post 1.3 ivy file: using exact as default matcher
	found ivy file in cache for org.scala-tools.sbt#classfile_2.8.1;0.10.0 (resolved by local): /home/takuya/.ivy2/cache/org.scala-tools.sbt/classfile_2.8.1/ivy-0.10.0.xml
redefined-public: module revision found in cache: org.scala-tools.sbt#classfile_2.8.1;0.10.0
	found org.scala-tools.sbt#classfile_2.8.1;0.10.0 in local
== resolving dependencies org.scala-tools.sbt#classfile_2.8.1;0.10.0->org.scala-tools.sbt#io_2.8.1;0.10.0 [default->default(compile)]
loadData of org.scala-tools.sbt#io_2.8.1;0.10.0 of rootConf=default
	using redefined-public to resolve org.scala-tools.sbt#io_2.8.1;0.10.0
redefined-public: Checking cache for: dependency: org.scala-tools.sbt#io_2.8.1;0.10.0 {default=[default(compile)]}
No entry is found in the ModuleDescriptorCache : /home/takuya/.ivy2/cache/org.scala-tools.sbt/io_2.8.1/ivy-0.10.0.xml
post 1.3 ivy file: using exact as default matcher
	found ivy file in cache for org.scala-tools.sbt#io_2.8.1;0.10.0 (resolved by local): /home/takuya/.ivy2/cache/org.scala-tools.sbt/io_2.8.1/ivy-0.10.0.xml
redefined-public: module revision found in cache: org.scala-tools.sbt#io_2.8.1;0.10.0
	found org.scala-tools.sbt#io_2.8.1;0.10.0 in local
== resolving dependencies org.scala-tools.sbt#io_2.8.1;0.10.0->org.scala-tools.sbt#control_2.8.1;0.10.0 [default->default(compile)]
loadData of org.scala-tools.sbt#control_2.8.1;0.10.0 of rootConf=default
	using redefined-public to resolve org.scala-tools.sbt#control_2.8.1;0.10.0
redefined-public: Checking cache for: dependency: org.scala-tools.sbt#control_2.8.1;0.10.0 {default=[default(compile)]}
No entry is found in the ModuleDescriptorCache : /home/takuya/.ivy2/cache/org.scala-tools.sbt/control_2.8.1/ivy-0.10.0.xml
post 1.3 ivy file: using exact as default matcher
	found ivy file in cache for org.scala-tools.sbt#control_2.8.1;0.10.0 (resolved by local): /home/takuya/.ivy2/cache/org.scala-tools.sbt/control_2.8.1/ivy-0.10.0.xml
redefined-public: module revision found in cache: org.scala-tools.sbt#control_2.8.1;0.10.0
	found org.scala-tools.sbt#control_2.8.1;0.10.0 in local
== resolving dependencies org.scala-tools.sbt#classfile_2.8.1;0.10.0->org.scala-tools.sbt#interface;0.10.0 [default->default(compile)]
loadData of org.scala-tools.sbt#interface;0.10.0 of rootConf=default
	using redefined-public to resolve org.scala-tools.sbt#interface;0.10.0
redefined-public: Checking cache for: dependency: org.scala-tools.sbt#interface;0.10.0 {default=[default(compile)]}
No entry is found in the ModuleDescriptorCache : /home/takuya/.ivy2/cache/org.scala-tools.sbt/interface/ivy-0.10.0.xml
post 1.3 ivy file: using exact as default matcher
	found ivy file in cache for org.scala-tools.sbt#interface;0.10.0 (resolved by local): /home/takuya/.ivy2/cache/org.scala-tools.sbt/interface/ivy-0.10.0.xml
redefined-public: module revision found in cache: org.scala-tools.sbt#interface;0.10.0
	found org.scala-tools.sbt#interface;0.10.0 in local
== resolving dependencies org.scala-tools.sbt#classfile_2.8.1;0.10.0->org.scala-tools.sbt#logging_2.8.1;0.10.0 [default->default(compile)]
loadData of org.scala-tools.sbt#logging_2.8.1;0.10.0 of rootConf=default
	using redefined-public to resolve org.scala-tools.sbt#logging_2.8.1;0.10.0
redefined-public: Checking cache for: dependency: org.scala-tools.sbt#logging_2.8.1;0.10.0 {default=[default(compile)]}
No entry is found in the ModuleDescriptorCache : /home/takuya/.ivy2/cache/org.scala-tools.sbt/logging_2.8.1/ivy-0.10.0.xml
post 1.3 ivy file: using exact as default matcher
	found ivy file in cache for org.scala-tools.sbt#logging_2.8.1;0.10.0 (resolved by local): /home/takuya/.ivy2/cache/org.scala-tools.sbt/logging_2.8.1/ivy-0.10.0.xml
redefined-public: module revision found in cache: org.scala-tools.sbt#logging_2.8.1;0.10.0
	found org.scala-tools.sbt#logging_2.8.1;0.10.0 in local
== resolving dependencies org.scala-tools.sbt#logging_2.8.1;0.10.0->org.scala-tools.sbt#interface;0.10.0 [default->default(compile)]
loadData of org.scala-tools.sbt#interface;0.10.0 of rootConf=default
default is loaded and no conf to load.  Skip loading
== resolving dependencies org.scala-tools.sbt#logging_2.8.1;0.10.0->org.scala-tools.sbt#process_2.8.1;0.10.0 [default->default(compile)]
loadData of org.scala-tools.sbt#process_2.8.1;0.10.0 of rootConf=default
	using redefined-public to resolve org.scala-tools.sbt#process_2.8.1;0.10.0
redefined-public: Checking cache for: dependency: org.scala-tools.sbt#process_2.8.1;0.10.0 {default=[default(compile)]}
No entry is found in the ModuleDescriptorCache : /home/takuya/.ivy2/cache/org.scala-tools.sbt/process_2.8.1/ivy-0.10.0.xml
post 1.3 ivy file: using exact as default matcher
	found ivy file in cache for org.scala-tools.sbt#process_2.8.1;0.10.0 (resolved by local): /home/takuya/.ivy2/cache/org.scala-tools.sbt/process_2.8.1/ivy-0.10.0.xml
redefined-public: module revision found in cache: org.scala-tools.sbt#process_2.8.1;0.10.0
	found org.scala-tools.sbt#process_2.8.1;0.10.0 in local
== resolving dependencies org.scala-tools.sbt#actions_2.8.1;0.10.0->org.scala-tools.sbt#classpath_2.8.1;0.10.0 [default->default(compile)]
loadData of org.scala-tools.sbt#classpath_2.8.1;0.10.0 of rootConf=default
	using redefined-public to resolve org.scala-tools.sbt#classpath_2.8.1;0.10.0
redefined-public: Checking cache for: dependency: org.scala-tools.sbt#classpath_2.8.1;0.10.0 {default=[default(compile)]}
No entry is found in the ModuleDescriptorCache : /home/takuya/.ivy2/cache/org.scala-tools.sbt/classpath_2.8.1/ivy-0.10.0.xml
post 1.3 ivy file: using exact as default matcher
	found ivy file in cache for org.scala-tools.sbt#classpath_2.8.1;0.10.0 (resolved by local): /home/takuya/.ivy2/cache/org.scala-tools.sbt/classpath_2.8.1/ivy-0.10.0.xml
redefined-public: module revision found in cache: org.scala-tools.sbt#classpath_2.8.1;0.10.0
	found org.scala-tools.sbt#classpath_2.8.1;0.10.0 in local
== resolving dependencies org.scala-tools.sbt#classpath_2.8.1;0.10.0->org.scala-tools.sbt#launcher-interface;0.10.0 [default->default(compile)]
loadData of org.scala-tools.sbt#launcher-interface;0.10.0 of rootConf=default
	using redefined-public to resolve org.scala-tools.sbt#launcher-interface;0.10.0
redefined-public: Checking cache for: dependency: org.scala-tools.sbt#launcher-interface;0.10.0 {default=[default(compile)]}
No entry is found in the ModuleDescriptorCache : /home/takuya/.ivy2/cache/org.scala-tools.sbt/launcher-interface/ivy-0.10.0.xml
post 1.3 ivy file: using exact as default matcher
	found ivy file in cache for org.scala-tools.sbt#launcher-interface;0.10.0 (resolved by local): /home/takuya/.ivy2/cache/org.scala-tools.sbt/launcher-interface/ivy-0.10.0.xml
redefined-public: module revision found in cache: org.scala-tools.sbt#launcher-interface;0.10.0
	found org.scala-tools.sbt#launcher-interface;0.10.0 in local
== resolving dependencies org.scala-tools.sbt#classpath_2.8.1;0.10.0->org.scala-tools.sbt#io_2.8.1;0.10.0 [default->default(compile)]
loadData of org.scala-tools.sbt#io_2.8.1;0.10.0 of rootConf=default
default is loaded and no conf to load.  Skip loading
== resolving dependencies org.scala-tools.sbt#actions_2.8.1;0.10.0->org.scala-tools.sbt#incremental-compiler_2.8.1;0.10.0 [default->default(compile)]
loadData of org.scala-tools.sbt#incremental-compiler_2.8.1;0.10.0 of rootConf=default
	using redefined-public to resolve org.scala-tools.sbt#incremental-compiler_2.8.1;0.10.0
redefined-public: Checking cache for: dependency: org.scala-tools.sbt#incremental-compiler_2.8.1;0.10.0 {default=[default(compile)]}
No entry is found in the ModuleDescriptorCache : /home/takuya/.ivy2/cache/org.scala-tools.sbt/incremental-compiler_2.8.1/ivy-0.10.0.xml
post 1.3 ivy file: using exact as default matcher
	found ivy file in cache for org.scala-tools.sbt#incremental-compiler_2.8.1;0.10.0 (resolved by local): /home/takuya/.ivy2/cache/org.scala-tools.sbt/incremental-compiler_2.8.1/ivy-0.10.0.xml
redefined-public: module revision found in cache: org.scala-tools.sbt#incremental-compiler_2.8.1;0.10.0
	found org.scala-tools.sbt#incremental-compiler_2.8.1;0.10.0 in local
== resolving dependencies org.scala-tools.sbt#incremental-compiler_2.8.1;0.10.0->org.scala-tools.sbt#collections_2.8.1;0.10.0 [default->default(compile)]
loadData of org.scala-tools.sbt#collections_2.8.1;0.10.0 of rootConf=default
	using redefined-public to resolve org.scala-tools.sbt#collections_2.8.1;0.10.0
redefined-public: Checking cache for: dependency: org.scala-tools.sbt#collections_2.8.1;0.10.0 {default=[default(compile)]}
No entry is found in the ModuleDescriptorCache : /home/takuya/.ivy2/cache/org.scala-tools.sbt/collections_2.8.1/ivy-0.10.0.xml
post 1.3 ivy file: using exact as default matcher
	found ivy file in cache for org.scala-tools.sbt#collections_2.8.1;0.10.0 (resolved by local): /home/takuya/.ivy2/cache/org.scala-tools.sbt/collections_2.8.1/ivy-0.10.0.xml
redefined-public: module revision found in cache: org.scala-tools.sbt#collections_2.8.1;0.10.0
	found org.scala-tools.sbt#collections_2.8.1;0.10.0 in local
== resolving dependencies org.scala-tools.sbt#incremental-compiler_2.8.1;0.10.0->org.scala-tools.sbt#api_2.8.1;0.10.0 [default->default(compile)]
loadData of org.scala-tools.sbt#api_2.8.1;0.10.0 of rootConf=default
	using redefined-public to resolve org.scala-tools.sbt#api_2.8.1;0.10.0
redefined-public: Checking cache for: dependency: org.scala-tools.sbt#api_2.8.1;0.10.0 {default=[default(compile)]}
No entry is found in the ModuleDescriptorCache : /home/takuya/.ivy2/cache/org.scala-tools.sbt/api_2.8.1/ivy-0.10.0.xml
post 1.3 ivy file: using exact as default matcher
	found ivy file in cache for org.scala-tools.sbt#api_2.8.1;0.10.0 (resolved by local): /home/takuya/.ivy2/cache/org.scala-tools.sbt/api_2.8.1/ivy-0.10.0.xml
redefined-public: module revision found in cache: org.scala-tools.sbt#api_2.8.1;0.10.0
	found org.scala-tools.sbt#api_2.8.1;0.10.0 in local
== resolving dependencies org.scala-tools.sbt#api_2.8.1;0.10.0->org.scala-tools.sbt#interface;0.10.0 [default->default(compile)]
loadData of org.scala-tools.sbt#interface;0.10.0 of rootConf=default
default is loaded and no conf to load.  Skip loading
== resolving dependencies org.scala-tools.sbt#incremental-compiler_2.8.1;0.10.0->org.scala-tools.sbt#io_2.8.1;0.10.0 [default->default(compile)]
loadData of org.scala-tools.sbt#io_2.8.1;0.10.0 of rootConf=default
default is loaded and no conf to load.  Skip loading
== resolving dependencies org.scala-tools.sbt#incremental-compiler_2.8.1;0.10.0->org.scala-tools.sbt#logging_2.8.1;0.10.0 [default->default(compile)]
loadData of org.scala-tools.sbt#logging_2.8.1;0.10.0 of rootConf=default
default is loaded and no conf to load.  Skip loading
== resolving dependencies org.scala-tools.sbt#actions_2.8.1;0.10.0->org.scala-tools.sbt#persist_2.8.1;0.10.0 [default->default(compile)]
loadData of org.scala-tools.sbt#persist_2.8.1;0.10.0 of rootConf=default
	using redefined-public to resolve org.scala-tools.sbt#persist_2.8.1;0.10.0
redefined-public: Checking cache for: dependency: org.scala-tools.sbt#persist_2.8.1;0.10.0 {default=[default(compile)]}
No entry is found in the ModuleDescriptorCache : /home/takuya/.ivy2/cache/org.scala-tools.sbt/persist_2.8.1/ivy-0.10.0.xml
post 1.3 ivy file: using exact as default matcher
	found ivy file in cache for org.scala-tools.sbt#persist_2.8.1;0.10.0 (resolved by local): /home/takuya/.ivy2/cache/org.scala-tools.sbt/persist_2.8.1/ivy-0.10.0.xml
redefined-public: module revision found in cache: org.scala-tools.sbt#persist_2.8.1;0.10.0
	found org.scala-tools.sbt#persist_2.8.1;0.10.0 in local
== resolving dependencies org.scala-tools.sbt#persist_2.8.1;0.10.0->org.scala-tools.sbinary#sbinary_2.8.1;0.4.0 [default->default(compile)]
loadData of org.scala-tools.sbinary#sbinary_2.8.1;0.4.0 of rootConf=default
	using redefined-public to resolve org.scala-tools.sbinary#sbinary_2.8.1;0.4.0
redefined-public: Checking cache for: dependency: org.scala-tools.sbinary#sbinary_2.8.1;0.4.0 {default=[default(compile)]}
No entry is found in the ModuleDescriptorCache : /home/takuya/.ivy2/cache/org.scala-tools.sbinary/sbinary_2.8.1/ivy-0.4.0.xml
post 1.3 ivy file: using exact as default matcher
	resolver not found: sbt-chain => trying to use the one configured for org.scala-tools.sbinary#sbinary_2.8.1;0.4.0
	configured resolver found for org.scala-tools.sbinary#sbinary_2.8.1;0.4.0: redefined-public: saving this data
	found ivy file in cache for org.scala-tools.sbinary#sbinary_2.8.1;0.4.0 (resolved by redefined-public): /home/takuya/.ivy2/cache/org.scala-tools.sbinary/sbinary_2.8.1/ivy-0.4.0.xml
redefined-public: module revision found in cache: org.scala-tools.sbinary#sbinary_2.8.1;0.4.0
	found org.scala-tools.sbinary#sbinary_2.8.1;0.4.0 in redefined-public
== resolving dependencies org.scala-tools.sbt#persist_2.8.1;0.10.0->org.scala-tools.sbinary#sbinary_2.8.1;0.4.0 [default->runtime]
loadData of org.scala-tools.sbinary#sbinary_2.8.1;0.4.0 of rootConf=default
== resolving dependencies org.scala-tools.sbt#persist_2.8.1;0.10.0->org.scala-tools.sbinary#sbinary_2.8.1;0.4.0 [default->compile]
loadData of org.scala-tools.sbinary#sbinary_2.8.1;0.4.0 of rootConf=default
== resolving dependencies org.scala-tools.sbt#persist_2.8.1;0.10.0->org.scala-tools.sbinary#sbinary_2.8.1;0.4.0 [default->master]
loadData of org.scala-tools.sbinary#sbinary_2.8.1;0.4.0 of rootConf=default
== resolving dependencies org.scala-tools.sbt#persist_2.8.1;0.10.0->org.scala-tools.sbt#incremental-compiler_2.8.1;0.10.0 [default->default(compile)]
loadData of org.scala-tools.sbt#incremental-compiler_2.8.1;0.10.0 of rootConf=default
default is loaded and no conf to load.  Skip loading
== resolving dependencies org.scala-tools.sbt#persist_2.8.1;0.10.0->org.scala-tools.sbt#api_2.8.1;0.10.0 [default->default(compile)]
loadData of org.scala-tools.sbt#api_2.8.1;0.10.0 of rootConf=default
default is loaded and no conf to load.  Skip loading
== resolving dependencies org.scala-tools.sbt#actions_2.8.1;0.10.0->org.scala-tools.sbt#compile_2.8.1;0.10.0 [default->default(compile)]
loadData of org.scala-tools.sbt#compile_2.8.1;0.10.0 of rootConf=default
	using redefined-public to resolve org.scala-tools.sbt#compile_2.8.1;0.10.0
redefined-public: Checking cache for: dependency: org.scala-tools.sbt#compile_2.8.1;0.10.0 {default=[default(compile)]}
No entry is found in the ModuleDescriptorCache : /home/takuya/.ivy2/cache/org.scala-tools.sbt/compile_2.8.1/ivy-0.10.0.xml
post 1.3 ivy file: using exact as default matcher
	found ivy file in cache for org.scala-tools.sbt#compile_2.8.1;0.10.0 (resolved by local): /home/takuya/.ivy2/cache/org.scala-tools.sbt/compile_2.8.1/ivy-0.10.0.xml
redefined-public: module revision found in cache: org.scala-tools.sbt#compile_2.8.1;0.10.0
	found org.scala-tools.sbt#compile_2.8.1;0.10.0 in local
== resolving dependencies org.scala-tools.sbt#compile_2.8.1;0.10.0->org.scala-tools.sbt#launcher-interface;0.10.0 [default->default(compile)]
loadData of org.scala-tools.sbt#launcher-interface;0.10.0 of rootConf=default
default is loaded and no conf to load.  Skip loading
== resolving dependencies org.scala-tools.sbt#compile_2.8.1;0.10.0->org.scala-tools.sbt#interface;0.10.0 [default->default(compile)]
loadData of org.scala-tools.sbt#interface;0.10.0 of rootConf=default
default is loaded and no conf to load.  Skip loading
== resolving dependencies org.scala-tools.sbt#compile_2.8.1;0.10.0->org.scala-tools.sbt#ivy_2.8.1;0.10.0 [default->default(compile)]
loadData of org.scala-tools.sbt#ivy_2.8.1;0.10.0 of rootConf=default
	using redefined-public to resolve org.scala-tools.sbt#ivy_2.8.1;0.10.0
redefined-public: Checking cache for: dependency: org.scala-tools.sbt#ivy_2.8.1;0.10.0 {default=[default(compile)]}
No entry is found in the ModuleDescriptorCache : /home/takuya/.ivy2/cache/org.scala-tools.sbt/ivy_2.8.1/ivy-0.10.0.xml
post 1.3 ivy file: using exact as default matcher
	found ivy file in cache for org.scala-tools.sbt#ivy_2.8.1;0.10.0 (resolved by local): /home/takuya/.ivy2/cache/org.scala-tools.sbt/ivy_2.8.1/ivy-0.10.0.xml
redefined-public: module revision found in cache: org.scala-tools.sbt#ivy_2.8.1;0.10.0
	found org.scala-tools.sbt#ivy_2.8.1;0.10.0 in local
== resolving dependencies org.scala-tools.sbt#ivy_2.8.1;0.10.0->org.apache.ivy#ivy;2.2.0 [default->default(compile)]
loadData of org.apache.ivy#ivy;2.2.0 of rootConf=default
	using redefined-public to resolve org.apache.ivy#ivy;2.2.0
redefined-public: Checking cache for: dependency: org.apache.ivy#ivy;2.2.0 {default=[default(compile)]}
No entry is found in the ModuleDescriptorCache : /home/takuya/.ivy2/cache/org.apache.ivy/ivy/ivy-2.2.0.xml
post 1.3 ivy file: using exact as default matcher
	resolver not found: sbt-chain => trying to use the one configured for org.apache.ivy#ivy;2.2.0
	configured resolver found for org.apache.ivy#ivy;2.2.0: redefined-public: saving this data
	found ivy file in cache for org.apache.ivy#ivy;2.2.0 (resolved by redefined-public): /home/takuya/.ivy2/cache/org.apache.ivy/ivy/ivy-2.2.0.xml
redefined-public: module revision found in cache: org.apache.ivy#ivy;2.2.0
	found org.apache.ivy#ivy;2.2.0 in redefined-public
== resolving dependencies org.scala-tools.sbt#ivy_2.8.1;0.10.0->org.apache.ivy#ivy;2.2.0 [default->runtime]
loadData of org.apache.ivy#ivy;2.2.0 of rootConf=default
== resolving dependencies org.scala-tools.sbt#ivy_2.8.1;0.10.0->org.apache.ivy#ivy;2.2.0 [default->compile]
loadData of org.apache.ivy#ivy;2.2.0 of rootConf=default
== resolving dependencies org.scala-tools.sbt#ivy_2.8.1;0.10.0->org.apache.ivy#ivy;2.2.0 [default->master]
loadData of org.apache.ivy#ivy;2.2.0 of rootConf=default
== resolving dependencies org.scala-tools.sbt#ivy_2.8.1;0.10.0->com.jcraft#jsch;0.1.31 [default->default(compile)]
loadData of com.jcraft#jsch;0.1.31 of rootConf=default
	using redefined-public to resolve com.jcraft#jsch;0.1.31
redefined-public: Checking cache for: dependency: com.jcraft#jsch;0.1.31 {default=[default(compile)]}
No entry is found in the ModuleDescriptorCache : /home/takuya/.ivy2/cache/com.jcraft/jsch/ivy-0.1.31.xml
post 1.3 ivy file: using exact as default matcher
	resolver not found: sbt-chain => trying to use the one configured for com.jcraft#jsch;0.1.31
	configured resolver found for com.jcraft#jsch;0.1.31: redefined-public: saving this data
	found ivy file in cache for com.jcraft#jsch;0.1.31 (resolved by redefined-public): /home/takuya/.ivy2/cache/com.jcraft/jsch/ivy-0.1.31.xml
redefined-public: module revision found in cache: com.jcraft#jsch;0.1.31
	found com.jcraft#jsch;0.1.31 in redefined-public
== resolving dependencies org.scala-tools.sbt#ivy_2.8.1;0.10.0->com.jcraft#jsch;0.1.31 [default->runtime]
loadData of com.jcraft#jsch;0.1.31 of rootConf=default
== resolving dependencies org.scala-tools.sbt#ivy_2.8.1;0.10.0->com.jcraft#jsch;0.1.31 [default->compile]
loadData of com.jcraft#jsch;0.1.31 of rootConf=default
== resolving dependencies org.scala-tools.sbt#ivy_2.8.1;0.10.0->com.jcraft#jsch;0.1.31 [default->master]
loadData of com.jcraft#jsch;0.1.31 of rootConf=default
== resolving dependencies org.scala-tools.sbt#ivy_2.8.1;0.10.0->org.scala-tools.sbt#interface;0.10.0 [default->default(compile)]
loadData of org.scala-tools.sbt#interface;0.10.0 of rootConf=default
default is loaded and no conf to load.  Skip loading
== resolving dependencies org.scala-tools.sbt#ivy_2.8.1;0.10.0->org.scala-tools.sbt#launcher-interface;0.10.0 [default->default(compile)]
loadData of org.scala-tools.sbt#launcher-interface;0.10.0 of rootConf=default
default is loaded and no conf to load.  Skip loading
== resolving dependencies org.scala-tools.sbt#ivy_2.8.1;0.10.0->org.scala-tools.sbt#logging_2.8.1;0.10.0 [default->default(compile)]
loadData of org.scala-tools.sbt#logging_2.8.1;0.10.0 of rootConf=default
default is loaded and no conf to load.  Skip loading
== resolving dependencies org.scala-tools.sbt#ivy_2.8.1;0.10.0->org.scala-tools.sbt#io_2.8.1;0.10.0 [default->default(compile)]
loadData of org.scala-tools.sbt#io_2.8.1;0.10.0 of rootConf=default
default is loaded and no conf to load.  Skip loading
== resolving dependencies org.scala-tools.sbt#compile_2.8.1;0.10.0->org.scala-tools.sbt#io_2.8.1;0.10.0 [default->default(compile)]
loadData of org.scala-tools.sbt#io_2.8.1;0.10.0 of rootConf=default
default is loaded and no conf to load.  Skip loading
== resolving dependencies org.scala-tools.sbt#compile_2.8.1;0.10.0->org.scala-tools.sbt#classpath_2.8.1;0.10.0 [default->default(compile)]
loadData of org.scala-tools.sbt#classpath_2.8.1;0.10.0 of rootConf=default
default is loaded and no conf to load.  Skip loading
== resolving dependencies org.scala-tools.sbt#compile_2.8.1;0.10.0->org.scala-tools.sbt#compiler-interface;0.10.0 [default->default(compile)]
loadData of org.scala-tools.sbt#compiler-interface;0.10.0 of rootConf=default
	using redefined-public to resolve org.scala-tools.sbt#compiler-interface;0.10.0
redefined-public: Checking cache for: dependency: org.scala-tools.sbt#compiler-interface;0.10.0 {default=[default(compile)]}
No entry is found in the ModuleDescriptorCache : /home/takuya/.ivy2/cache/org.scala-tools.sbt/compiler-interface/ivy-0.10.0.xml
post 1.3 ivy file: using exact as default matcher
	found ivy file in cache for org.scala-tools.sbt#compiler-interface;0.10.0 (resolved by local): /home/takuya/.ivy2/cache/org.scala-tools.sbt/compiler-interface/ivy-0.10.0.xml
redefined-public: module revision found in cache: org.scala-tools.sbt#compiler-interface;0.10.0
	found org.scala-tools.sbt#compiler-interface;0.10.0 in local
== resolving dependencies org.scala-tools.sbt#compiler-interface;0.10.0->jline#jline;0.9.94 [default->default(compile)]
loadData of jline#jline;0.9.94 of rootConf=default
	using redefined-public to resolve jline#jline;0.9.94
redefined-public: Checking cache for: dependency: jline#jline;0.9.94 {default=[default(compile)]}
No entry is found in the ModuleDescriptorCache : /home/takuya/.ivy2/cache/jline/jline/ivy-0.9.94.xml
post 1.3 ivy file: using exact as default matcher
	resolver not found: sbt-chain => trying to use the one configured for jline#jline;0.9.94
	configured resolver found for jline#jline;0.9.94: redefined-public: saving this data
	found ivy file in cache for jline#jline;0.9.94 (resolved by redefined-public): /home/takuya/.ivy2/cache/jline/jline/ivy-0.9.94.xml
redefined-public: module revision found in cache: jline#jline;0.9.94
	found jline#jline;0.9.94 in redefined-public
== resolving dependencies org.scala-tools.sbt#compiler-interface;0.10.0->jline#jline;0.9.94 [default->runtime]
loadData of jline#jline;0.9.94 of rootConf=default
== resolving dependencies org.scala-tools.sbt#compiler-interface;0.10.0->jline#jline;0.9.94 [default->compile]
loadData of jline#jline;0.9.94 of rootConf=default
== resolving dependencies org.scala-tools.sbt#compiler-interface;0.10.0->jline#jline;0.9.94 [default->master]
loadData of jline#jline;0.9.94 of rootConf=default
== resolving dependencies org.scala-tools.sbt#compiler-interface;0.10.0->org.scala-tools.sbt#interface;0.10.0 [default->default(compile)]
loadData of org.scala-tools.sbt#interface;0.10.0 of rootConf=default
default is loaded and no conf to load.  Skip loading
== resolving dependencies org.scala-tools.sbt#compiler-interface;0.10.0->org.scala-tools.sbt#precompiled-2.7.7_2.7.7;0.10.0 [default->default(compile)]
loadData of org.scala-tools.sbt#precompiled-2.7.7_2.7.7;0.10.0 of rootConf=default
	using redefined-public to resolve org.scala-tools.sbt#precompiled-2.7.7_2.7.7;0.10.0
redefined-public: Checking cache for: dependency: org.scala-tools.sbt#precompiled-2.7.7_2.7.7;0.10.0 {default=[default(compile)]}
No entry is found in the ModuleDescriptorCache : /home/takuya/.ivy2/cache/org.scala-tools.sbt/precompiled-2.7.7_2.7.7/ivy-0.10.0.xml
post 1.3 ivy file: using exact as default matcher
	found ivy file in cache for org.scala-tools.sbt#precompiled-2.7.7_2.7.7;0.10.0 (resolved by local): /home/takuya/.ivy2/cache/org.scala-tools.sbt/precompiled-2.7.7_2.7.7/ivy-0.10.0.xml
redefined-public: module revision found in cache: org.scala-tools.sbt#precompiled-2.7.7_2.7.7;0.10.0
	found org.scala-tools.sbt#precompiled-2.7.7_2.7.7;0.10.0 in local
== resolving dependencies org.scala-tools.sbt#precompiled-2.7.7_2.7.7;0.10.0->org.scala-tools.sbt#interface;0.10.0 [default->default(compile)]
loadData of org.scala-tools.sbt#interface;0.10.0 of rootConf=default
default is loaded and no conf to load.  Skip loading
== resolving dependencies org.scala-tools.sbt#compiler-interface;0.10.0->org.scala-tools.sbt#precompiled-2.9.0_2.9.0;0.10.0 [default->default(compile)]
loadData of org.scala-tools.sbt#precompiled-2.9.0_2.9.0;0.10.0 of rootConf=default
	using redefined-public to resolve org.scala-tools.sbt#precompiled-2.9.0_2.9.0;0.10.0
redefined-public: Checking cache for: dependency: org.scala-tools.sbt#precompiled-2.9.0_2.9.0;0.10.0 {default=[default(compile)]}
No entry is found in the ModuleDescriptorCache : /home/takuya/.ivy2/cache/org.scala-tools.sbt/precompiled-2.9.0_2.9.0/ivy-0.10.0.xml
post 1.3 ivy file: using exact as default matcher
	found ivy file in cache for org.scala-tools.sbt#precompiled-2.9.0_2.9.0;0.10.0 (resolved by local): /home/takuya/.ivy2/cache/org.scala-tools.sbt/precompiled-2.9.0_2.9.0/ivy-0.10.0.xml
redefined-public: module revision found in cache: org.scala-tools.sbt#precompiled-2.9.0_2.9.0;0.10.0
	found org.scala-tools.sbt#precompiled-2.9.0_2.9.0;0.10.0 in local
== resolving dependencies org.scala-tools.sbt#precompiled-2.9.0_2.9.0;0.10.0->org.scala-tools.sbt#interface;0.10.0 [default->default(compile)]
loadData of org.scala-tools.sbt#interface;0.10.0 of rootConf=default
default is loaded and no conf to load.  Skip loading
== resolving dependencies org.scala-tools.sbt#compile_2.8.1;0.10.0->org.scala-tools.sbt#logging_2.8.1;0.10.0 [default->default(compile)]
loadData of org.scala-tools.sbt#logging_2.8.1;0.10.0 of rootConf=default
default is loaded and no conf to load.  Skip loading
== resolving dependencies org.scala-tools.sbt#actions_2.8.1;0.10.0->org.scala-tools.sbt#completion_2.8.1;0.10.0 [default->default(compile)]
loadData of org.scala-tools.sbt#completion_2.8.1;0.10.0 of rootConf=default
	using redefined-public to resolve org.scala-tools.sbt#completion_2.8.1;0.10.0
redefined-public: Checking cache for: dependency: org.scala-tools.sbt#completion_2.8.1;0.10.0 {default=[default(compile)]}
No entry is found in the ModuleDescriptorCache : /home/takuya/.ivy2/cache/org.scala-tools.sbt/completion_2.8.1/ivy-0.10.0.xml
post 1.3 ivy file: using exact as default matcher
	resolver not found: sbt-chain => trying to use the one configured for org.scala-tools.sbt#completion_2.8.1;0.10.0
	configured resolver found for org.scala-tools.sbt#completion_2.8.1;0.10.0: redefined-public: saving this data
	found ivy file in cache for org.scala-tools.sbt#completion_2.8.1;0.10.0 (resolved by redefined-public): /home/takuya/.ivy2/cache/org.scala-tools.sbt/completion_2.8.1/ivy-0.10.0.xml
redefined-public: module revision found in cache: org.scala-tools.sbt#completion_2.8.1;0.10.0
	found org.scala-tools.sbt#completion_2.8.1;0.10.0 in redefined-public
== resolving dependencies org.scala-tools.sbt#completion_2.8.1;0.10.0->jline#jline;0.9.94 [default->default(compile)]
loadData of jline#jline;0.9.94 of rootConf=default
default is loaded and no conf to load.  Skip loading
== resolving dependencies org.scala-tools.sbt#completion_2.8.1;0.10.0->jline#jline;0.9.94 [default->runtime]
loadData of jline#jline;0.9.94 of rootConf=default
default is loaded and no conf to load.  Skip loading
== resolving dependencies org.scala-tools.sbt#completion_2.8.1;0.10.0->jline#jline;0.9.94 [default->compile]
loadData of jline#jline;0.9.94 of rootConf=default
default is loaded and no conf to load.  Skip loading
== resolving dependencies org.scala-tools.sbt#completion_2.8.1;0.10.0->jline#jline;0.9.94 [default->master]
loadData of jline#jline;0.9.94 of rootConf=default
default is loaded and no conf to load.  Skip loading
== resolving dependencies org.scala-tools.sbt#completion_2.8.1;0.10.0->org.scala-tools.sbt#collections_2.8.1;0.10.0 [default->default(compile)]
loadData of org.scala-tools.sbt#collections_2.8.1;0.10.0 of rootConf=default
default is loaded and no conf to load.  Skip loading
== resolving dependencies org.scala-tools.sbt#completion_2.8.1;0.10.0->org.scala-tools.sbt#control_2.8.1;0.10.0 [default->default(compile)]
loadData of org.scala-tools.sbt#control_2.8.1;0.10.0 of rootConf=default
default is loaded and no conf to load.  Skip loading
== resolving dependencies org.scala-tools.sbt#completion_2.8.1;0.10.0->org.scala-tools.sbt#io_2.8.1;0.10.0 [default->default(compile)]
loadData of org.scala-tools.sbt#io_2.8.1;0.10.0 of rootConf=default
default is loaded and no conf to load.  Skip loading
== resolving dependencies org.scala-tools.sbt#actions_2.8.1;0.10.0->org.scala-tools.sbt#discovery_2.8.1;0.10.0 [default->default(compile)]
loadData of org.scala-tools.sbt#discovery_2.8.1;0.10.0 of rootConf=default
	using redefined-public to resolve org.scala-tools.sbt#discovery_2.8.1;0.10.0
redefined-public: Checking cache for: dependency: org.scala-tools.sbt#discovery_2.8.1;0.10.0 {default=[default(compile)]}
No entry is found in the ModuleDescriptorCache : /home/takuya/.ivy2/cache/org.scala-tools.sbt/discovery_2.8.1/ivy-0.10.0.xml
post 1.3 ivy file: using exact as default matcher
	found ivy file in cache for org.scala-tools.sbt#discovery_2.8.1;0.10.0 (resolved by local): /home/takuya/.ivy2/cache/org.scala-tools.sbt/discovery_2.8.1/ivy-0.10.0.xml
redefined-public: module revision found in cache: org.scala-tools.sbt#discovery_2.8.1;0.10.0
	found org.scala-tools.sbt#discovery_2.8.1;0.10.0 in local
== resolving dependencies org.scala-tools.sbt#discovery_2.8.1;0.10.0->org.scala-tools.sbt#incremental-compiler_2.8.1;0.10.0 [default->default(compile)]
loadData of org.scala-tools.sbt#incremental-compiler_2.8.1;0.10.0 of rootConf=default
default is loaded and no conf to load.  Skip loading
== resolving dependencies org.scala-tools.sbt#discovery_2.8.1;0.10.0->org.scala-tools.sbt#api_2.8.1;0.10.0 [default->default(compile)]
loadData of org.scala-tools.sbt#api_2.8.1;0.10.0 of rootConf=default
default is loaded and no conf to load.  Skip loading
== resolving dependencies org.scala-tools.sbt#actions_2.8.1;0.10.0->org.scala-tools.sbt#interface;0.10.0 [default->default(compile)]
loadData of org.scala-tools.sbt#interface;0.10.0 of rootConf=default
default is loaded and no conf to load.  Skip loading
== resolving dependencies org.scala-tools.sbt#actions_2.8.1;0.10.0->org.scala-tools.sbt#io_2.8.1;0.10.0 [default->default(compile)]
loadData of org.scala-tools.sbt#io_2.8.1;0.10.0 of rootConf=default
default is loaded and no conf to load.  Skip loading
== resolving dependencies org.scala-tools.sbt#actions_2.8.1;0.10.0->org.scala-tools.sbt#ivy_2.8.1;0.10.0 [default->default(compile)]
loadData of org.scala-tools.sbt#ivy_2.8.1;0.10.0 of rootConf=default
default is loaded and no conf to load.  Skip loading
== resolving dependencies org.scala-tools.sbt#actions_2.8.1;0.10.0->org.scala-tools.sbt#logging_2.8.1;0.10.0 [default->default(compile)]
loadData of org.scala-tools.sbt#logging_2.8.1;0.10.0 of rootConf=default
default is loaded and no conf to load.  Skip loading
== resolving dependencies org.scala-tools.sbt#actions_2.8.1;0.10.0->org.scala-tools.sbt#process_2.8.1;0.10.0 [default->default(compile)]
loadData of org.scala-tools.sbt#process_2.8.1;0.10.0 of rootConf=default
default is loaded and no conf to load.  Skip loading
== resolving dependencies org.scala-tools.sbt#actions_2.8.1;0.10.0->org.scala-tools.sbt#run_2.8.1;0.10.0 [default->default(compile)]
loadData of org.scala-tools.sbt#run_2.8.1;0.10.0 of rootConf=default
	using redefined-public to resolve org.scala-tools.sbt#run_2.8.1;0.10.0
redefined-public: Checking cache for: dependency: org.scala-tools.sbt#run_2.8.1;0.10.0 {default=[default(compile)]}
No entry is found in the ModuleDescriptorCache : /home/takuya/.ivy2/cache/org.scala-tools.sbt/run_2.8.1/ivy-0.10.0.xml
post 1.3 ivy file: using exact as default matcher
	found ivy file in cache for org.scala-tools.sbt#run_2.8.1;0.10.0 (resolved by local): /home/takuya/.ivy2/cache/org.scala-tools.sbt/run_2.8.1/ivy-0.10.0.xml
redefined-public: module revision found in cache: org.scala-tools.sbt#run_2.8.1;0.10.0
	found org.scala-tools.sbt#run_2.8.1;0.10.0 in local
== resolving dependencies org.scala-tools.sbt#run_2.8.1;0.10.0->org.scala-tools.sbt#io_2.8.1;0.10.0 [default->default(compile)]
loadData of org.scala-tools.sbt#io_2.8.1;0.10.0 of rootConf=default
default is loaded and no conf to load.  Skip loading
== resolving dependencies org.scala-tools.sbt#run_2.8.1;0.10.0->org.scala-tools.sbt#logging_2.8.1;0.10.0 [default->default(compile)]
loadData of org.scala-tools.sbt#logging_2.8.1;0.10.0 of rootConf=default
default is loaded and no conf to load.  Skip loading
== resolving dependencies org.scala-tools.sbt#run_2.8.1;0.10.0->org.scala-tools.sbt#classpath_2.8.1;0.10.0 [default->default(compile)]
loadData of org.scala-tools.sbt#classpath_2.8.1;0.10.0 of rootConf=default
default is loaded and no conf to load.  Skip loading
== resolving dependencies org.scala-tools.sbt#run_2.8.1;0.10.0->org.scala-tools.sbt#process_2.8.1;0.10.0 [default->default(compile)]
loadData of org.scala-tools.sbt#process_2.8.1;0.10.0 of rootConf=default
default is loaded and no conf to load.  Skip loading
== resolving dependencies org.scala-tools.sbt#actions_2.8.1;0.10.0->org.scala-tools.sbt#task-system_2.8.1;0.10.0 [default->default(compile)]
loadData of org.scala-tools.sbt#task-system_2.8.1;0.10.0 of rootConf=default
	using redefined-public to resolve org.scala-tools.sbt#task-system_2.8.1;0.10.0
redefined-public: Checking cache for: dependency: org.scala-tools.sbt#task-system_2.8.1;0.10.0 {default=[default(compile)]}
No entry is found in the ModuleDescriptorCache : /home/takuya/.ivy2/cache/org.scala-tools.sbt/task-system_2.8.1/ivy-0.10.0.xml
post 1.3 ivy file: using exact as default matcher
	found ivy file in cache for org.scala-tools.sbt#task-system_2.8.1;0.10.0 (resolved by local): /home/takuya/.ivy2/cache/org.scala-tools.sbt/task-system_2.8.1/ivy-0.10.0.xml
redefined-public: module revision found in cache: org.scala-tools.sbt#task-system_2.8.1;0.10.0
	found org.scala-tools.sbt#task-system_2.8.1;0.10.0 in local
== resolving dependencies org.scala-tools.sbt#task-system_2.8.1;0.10.0->org.scala-tools.sbt#tasks_2.8.1;0.10.0 [default->default(compile)]
loadData of org.scala-tools.sbt#tasks_2.8.1;0.10.0 of rootConf=default
	using redefined-public to resolve org.scala-tools.sbt#tasks_2.8.1;0.10.0
redefined-public: Checking cache for: dependency: org.scala-tools.sbt#tasks_2.8.1;0.10.0 {default=[default(compile)]}
No entry is found in the ModuleDescriptorCache : /home/takuya/.ivy2/cache/org.scala-tools.sbt/tasks_2.8.1/ivy-0.10.0.xml
post 1.3 ivy file: using exact as default matcher
	found ivy file in cache for org.scala-tools.sbt#tasks_2.8.1;0.10.0 (resolved by local): /home/takuya/.ivy2/cache/org.scala-tools.sbt/tasks_2.8.1/ivy-0.10.0.xml
redefined-public: module revision found in cache: org.scala-tools.sbt#tasks_2.8.1;0.10.0
	found org.scala-tools.sbt#tasks_2.8.1;0.10.0 in local
== resolving dependencies org.scala-tools.sbt#tasks_2.8.1;0.10.0->org.scala-tools.sbt#control_2.8.1;0.10.0 [default->default(compile)]
loadData of org.scala-tools.sbt#control_2.8.1;0.10.0 of rootConf=default
default is loaded and no conf to load.  Skip loading
== resolving dependencies org.scala-tools.sbt#tasks_2.8.1;0.10.0->org.scala-tools.sbt#collections_2.8.1;0.10.0 [default->default(compile)]
loadData of org.scala-tools.sbt#collections_2.8.1;0.10.0 of rootConf=default
default is loaded and no conf to load.  Skip loading
== resolving dependencies org.scala-tools.sbt#task-system_2.8.1;0.10.0->org.scala-tools.sbt#collections_2.8.1;0.10.0 [default->default(compile)]
loadData of org.scala-tools.sbt#collections_2.8.1;0.10.0 of rootConf=default
default is loaded and no conf to load.  Skip loading
== resolving dependencies org.scala-tools.sbt#task-system_2.8.1;0.10.0->org.scala-tools.sbt#logging_2.8.1;0.10.0 [default->default(compile)]
loadData of org.scala-tools.sbt#logging_2.8.1;0.10.0 of rootConf=default
default is loaded and no conf to load.  Skip loading
== resolving dependencies org.scala-tools.sbt#task-system_2.8.1;0.10.0->org.scala-tools.sbt#io_2.8.1;0.10.0 [default->default(compile)]
loadData of org.scala-tools.sbt#io_2.8.1;0.10.0 of rootConf=default
default is loaded and no conf to load.  Skip loading
== resolving dependencies org.scala-tools.sbt#task-system_2.8.1;0.10.0->org.scala-tools.sbt#process_2.8.1;0.10.0 [default->default(compile)]
loadData of org.scala-tools.sbt#process_2.8.1;0.10.0 of rootConf=default
default is loaded and no conf to load.  Skip loading
== resolving dependencies org.scala-tools.sbt#actions_2.8.1;0.10.0->org.scala-tools.sbt#tasks_2.8.1;0.10.0 [default->default(compile)]
loadData of org.scala-tools.sbt#tasks_2.8.1;0.10.0 of rootConf=default
default is loaded and no conf to load.  Skip loading
== resolving dependencies org.scala-tools.sbt#actions_2.8.1;0.10.0->org.scala-tools.sbt#tracking_2.8.1;0.10.0 [default->default(compile)]
loadData of org.scala-tools.sbt#tracking_2.8.1;0.10.0 of rootConf=default
	using redefined-public to resolve org.scala-tools.sbt#tracking_2.8.1;0.10.0
redefined-public: Checking cache for: dependency: org.scala-tools.sbt#tracking_2.8.1;0.10.0 {default=[default(compile)]}
No entry is found in the ModuleDescriptorCache : /home/takuya/.ivy2/cache/org.scala-tools.sbt/tracking_2.8.1/ivy-0.10.0.xml
post 1.3 ivy file: using exact as default matcher
	found ivy file in cache for org.scala-tools.sbt#tracking_2.8.1;0.10.0 (resolved by local): /home/takuya/.ivy2/cache/org.scala-tools.sbt/tracking_2.8.1/ivy-0.10.0.xml
redefined-public: module revision found in cache: org.scala-tools.sbt#tracking_2.8.1;0.10.0
	found org.scala-tools.sbt#tracking_2.8.1;0.10.0 in local
== resolving dependencies org.scala-tools.sbt#tracking_2.8.1;0.10.0->org.scala-tools.sbt#cache_2.8.1;0.10.0 [default->default(compile)]
loadData of org.scala-tools.sbt#cache_2.8.1;0.10.0 of rootConf=default
	using redefined-public to resolve org.scala-tools.sbt#cache_2.8.1;0.10.0
redefined-public: Checking cache for: dependency: org.scala-tools.sbt#cache_2.8.1;0.10.0 {default=[default(compile)]}
No entry is found in the ModuleDescriptorCache : /home/takuya/.ivy2/cache/org.scala-tools.sbt/cache_2.8.1/ivy-0.10.0.xml
post 1.3 ivy file: using exact as default matcher
	found ivy file in cache for org.scala-tools.sbt#cache_2.8.1;0.10.0 (resolved by local): /home/takuya/.ivy2/cache/org.scala-tools.sbt/cache_2.8.1/ivy-0.10.0.xml
redefined-public: module revision found in cache: org.scala-tools.sbt#cache_2.8.1;0.10.0
	found org.scala-tools.sbt#cache_2.8.1;0.10.0 in local
== resolving dependencies org.scala-tools.sbt#cache_2.8.1;0.10.0->org.scala-tools.sbinary#sbinary_2.8.1;0.4.0 [default->default(compile)]
loadData of org.scala-tools.sbinary#sbinary_2.8.1;0.4.0 of rootConf=default
default is loaded and no conf to load.  Skip loading
== resolving dependencies org.scala-tools.sbt#cache_2.8.1;0.10.0->org.scala-tools.sbinary#sbinary_2.8.1;0.4.0 [default->runtime]
loadData of org.scala-tools.sbinary#sbinary_2.8.1;0.4.0 of rootConf=default
default is loaded and no conf to load.  Skip loading
== resolving dependencies org.scala-tools.sbt#cache_2.8.1;0.10.0->org.scala-tools.sbinary#sbinary_2.8.1;0.4.0 [default->compile]
loadData of org.scala-tools.sbinary#sbinary_2.8.1;0.4.0 of rootConf=default
default is loaded and no conf to load.  Skip loading
== resolving dependencies org.scala-tools.sbt#cache_2.8.1;0.10.0->org.scala-tools.sbinary#sbinary_2.8.1;0.4.0 [default->master]
loadData of org.scala-tools.sbinary#sbinary_2.8.1;0.4.0 of rootConf=default
default is loaded and no conf to load.  Skip loading
== resolving dependencies org.scala-tools.sbt#cache_2.8.1;0.10.0->org.scala-tools.sbt#io_2.8.1;0.10.0 [default->default(compile)]
loadData of org.scala-tools.sbt#io_2.8.1;0.10.0 of rootConf=default
default is loaded and no conf to load.  Skip loading
== resolving dependencies org.scala-tools.sbt#cache_2.8.1;0.10.0->org.scala-tools.sbt#collections_2.8.1;0.10.0 [default->default(compile)]
loadData of org.scala-tools.sbt#collections_2.8.1;0.10.0 of rootConf=default
default is loaded and no conf to load.  Skip loading
== resolving dependencies org.scala-tools.sbt#tracking_2.8.1;0.10.0->org.scala-tools.sbt#io_2.8.1;0.10.0 [default->default(compile)]
loadData of org.scala-tools.sbt#io_2.8.1;0.10.0 of rootConf=default
default is loaded and no conf to load.  Skip loading
== resolving dependencies org.scala-tools.sbt#actions_2.8.1;0.10.0->org.scala-tools.sbt#testing_2.8.1;0.10.0 [default->default(compile)]
loadData of org.scala-tools.sbt#testing_2.8.1;0.10.0 of rootConf=default
	using redefined-public to resolve org.scala-tools.sbt#testing_2.8.1;0.10.0
redefined-public: Checking cache for: dependency: org.scala-tools.sbt#testing_2.8.1;0.10.0 {default=[default(compile)]}
No entry is found in the ModuleDescriptorCache : /home/takuya/.ivy2/cache/org.scala-tools.sbt/testing_2.8.1/ivy-0.10.0.xml
post 1.3 ivy file: using exact as default matcher
	found ivy file in cache for org.scala-tools.sbt#testing_2.8.1;0.10.0 (resolved by local): /home/takuya/.ivy2/cache/org.scala-tools.sbt/testing_2.8.1/ivy-0.10.0.xml
redefined-public: module revision found in cache: org.scala-tools.sbt#testing_2.8.1;0.10.0
	found org.scala-tools.sbt#testing_2.8.1;0.10.0 in local
== resolving dependencies org.scala-tools.sbt#testing_2.8.1;0.10.0->org.scala-tools.testing#test-interface;0.5 [default->default(compile)]
loadData of org.scala-tools.testing#test-interface;0.5 of rootConf=default
	using redefined-public to resolve org.scala-tools.testing#test-interface;0.5
redefined-public: Checking cache for: dependency: org.scala-tools.testing#test-interface;0.5 {default=[default(compile)]}
No entry is found in the ModuleDescriptorCache : /home/takuya/.ivy2/cache/org.scala-tools.testing/test-interface/ivy-0.5.xml
post 1.3 ivy file: using exact as default matcher
	resolver not found: sbt-chain => trying to use the one configured for org.scala-tools.testing#test-interface;0.5
	configured resolver found for org.scala-tools.testing#test-interface;0.5: redefined-public: saving this data
	found ivy file in cache for org.scala-tools.testing#test-interface;0.5 (resolved by redefined-public): /home/takuya/.ivy2/cache/org.scala-tools.testing/test-interface/ivy-0.5.xml
redefined-public: module revision found in cache: org.scala-tools.testing#test-interface;0.5
	found org.scala-tools.testing#test-interface;0.5 in redefined-public
== resolving dependencies org.scala-tools.sbt#testing_2.8.1;0.10.0->org.scala-tools.testing#test-interface;0.5 [default->runtime]
loadData of org.scala-tools.testing#test-interface;0.5 of rootConf=default
== resolving dependencies org.scala-tools.sbt#testing_2.8.1;0.10.0->org.scala-tools.testing#test-interface;0.5 [default->compile]
loadData of org.scala-tools.testing#test-interface;0.5 of rootConf=default
== resolving dependencies org.scala-tools.sbt#testing_2.8.1;0.10.0->org.scala-tools.testing#test-interface;0.5 [default->master]
loadData of org.scala-tools.testing#test-interface;0.5 of rootConf=default
== resolving dependencies org.scala-tools.sbt#testing_2.8.1;0.10.0->org.scala-tools.sbt#io_2.8.1;0.10.0 [default->default(compile)]
loadData of org.scala-tools.sbt#io_2.8.1;0.10.0 of rootConf=default
default is loaded and no conf to load.  Skip loading
== resolving dependencies org.scala-tools.sbt#testing_2.8.1;0.10.0->org.scala-tools.sbt#classpath_2.8.1;0.10.0 [default->default(compile)]
loadData of org.scala-tools.sbt#classpath_2.8.1;0.10.0 of rootConf=default
default is loaded and no conf to load.  Skip loading
== resolving dependencies org.scala-tools.sbt#testing_2.8.1;0.10.0->org.scala-tools.sbt#logging_2.8.1;0.10.0 [default->default(compile)]
loadData of org.scala-tools.sbt#logging_2.8.1;0.10.0 of rootConf=default
default is loaded and no conf to load.  Skip loading
== resolving dependencies org.scala-tools.sbt#main_2.8.1;0.10.0->org.scala-tools.sbt#interface;0.10.0 [default->default(compile)]
loadData of org.scala-tools.sbt#interface;0.10.0 of rootConf=default
default is loaded and no conf to load.  Skip loading
== resolving dependencies org.scala-tools.sbt#main_2.8.1;0.10.0->org.scala-tools.sbt#io_2.8.1;0.10.0 [default->default(compile)]
loadData of org.scala-tools.sbt#io_2.8.1;0.10.0 of rootConf=default
default is loaded and no conf to load.  Skip loading
== resolving dependencies org.scala-tools.sbt#main_2.8.1;0.10.0->org.scala-tools.sbt#ivy_2.8.1;0.10.0 [default->default(compile)]
loadData of org.scala-tools.sbt#ivy_2.8.1;0.10.0 of rootConf=default
default is loaded and no conf to load.  Skip loading
== resolving dependencies org.scala-tools.sbt#main_2.8.1;0.10.0->org.scala-tools.sbt#launcher-interface;0.10.0 [default->default(compile)]
loadData of org.scala-tools.sbt#launcher-interface;0.10.0 of rootConf=default
default is loaded and no conf to load.  Skip loading
== resolving dependencies org.scala-tools.sbt#main_2.8.1;0.10.0->org.scala-tools.sbt#logging_2.8.1;0.10.0 [default->default(compile)]
loadData of org.scala-tools.sbt#logging_2.8.1;0.10.0 of rootConf=default
default is loaded and no conf to load.  Skip loading
== resolving dependencies org.scala-tools.sbt#main_2.8.1;0.10.0->org.scala-tools.sbt#process_2.8.1;0.10.0 [default->default(compile)]
loadData of org.scala-tools.sbt#process_2.8.1;0.10.0 of rootConf=default
default is loaded and no conf to load.  Skip loading
== resolving dependencies org.scala-tools.sbt#main_2.8.1;0.10.0->org.scala-tools.sbt#run_2.8.1;0.10.0 [default->default(compile)]
loadData of org.scala-tools.sbt#run_2.8.1;0.10.0 of rootConf=default
default is loaded and no conf to load.  Skip loading
Nbr of module to sort : 33
Sort dependencies of : org.scala-tools.sbt#sbt_2.8.1;0.10.0 / Number of dependencies = 1
Sort dependencies of : org.scala-tools.sbt#main_2.8.1;0.10.0 / Number of dependencies = 8
Sort dependencies of : org.scala-tools.sbt#actions_2.8.1;0.10.0 / Number of dependencies = 17
Sort dependencies of : org.scala-tools.sbt#classfile_2.8.1;0.10.0 / Number of dependencies = 3
Sort dependencies of : org.scala-tools.sbt#io_2.8.1;0.10.0 / Number of dependencies = 1
Sort dependencies of : org.scala-tools.sbt#control_2.8.1;0.10.0 / Number of dependencies = 0
Sort done for : org.scala-tools.sbt#control_2.8.1;0.10.0
Sort done for : org.scala-tools.sbt#io_2.8.1;0.10.0
Sort dependencies of : org.scala-tools.sbt#interface;0.10.0 / Number of dependencies = 0
Sort done for : org.scala-tools.sbt#interface;0.10.0
Sort dependencies of : org.scala-tools.sbt#logging_2.8.1;0.10.0 / Number of dependencies = 3
Sort dependencies of : jline#jline;0.9.94 / Number of dependencies = 1
Sort done for : jline#jline;0.9.94
Module descriptor is processed : org.scala-tools.sbt#interface;0.10.0
Sort dependencies of : org.scala-tools.sbt#process_2.8.1;0.10.0 / Number of dependencies = 0
Sort done for : org.scala-tools.sbt#process_2.8.1;0.10.0
Sort done for : org.scala-tools.sbt#logging_2.8.1;0.10.0
Sort done for : org.scala-tools.sbt#classfile_2.8.1;0.10.0
Sort dependencies of : org.scala-tools.sbt#classpath_2.8.1;0.10.0 / Number of dependencies = 2
Sort dependencies of : org.scala-tools.sbt#launcher-interface;0.10.0 / Number of dependencies = 0
Sort done for : org.scala-tools.sbt#launcher-interface;0.10.0
Module descriptor is processed : org.scala-tools.sbt#io_2.8.1;0.10.0
Sort done for : org.scala-tools.sbt#classpath_2.8.1;0.10.0
Sort dependencies of : org.scala-tools.sbt#incremental-compiler_2.8.1;0.10.0 / Number of dependencies = 4
Sort dependencies of : org.scala-tools.sbt#collections_2.8.1;0.10.0 / Number of dependencies = 0
Sort done for : org.scala-tools.sbt#collections_2.8.1;0.10.0
Sort dependencies of : org.scala-tools.sbt#api_2.8.1;0.10.0 / Number of dependencies = 1
Module descriptor is processed : org.scala-tools.sbt#interface;0.10.0
Sort done for : org.scala-tools.sbt#api_2.8.1;0.10.0
Module descriptor is processed : org.scala-tools.sbt#io_2.8.1;0.10.0
Module descriptor is processed : org.scala-tools.sbt#logging_2.8.1;0.10.0
Sort done for : org.scala-tools.sbt#incremental-compiler_2.8.1;0.10.0
Sort dependencies of : org.scala-tools.sbt#persist_2.8.1;0.10.0 / Number of dependencies = 3
Sort dependencies of : org.scala-tools.sbinary#sbinary_2.8.1;0.4.0 / Number of dependencies = 1
Sort done for : org.scala-tools.sbinary#sbinary_2.8.1;0.4.0
Module descriptor is processed : org.scala-tools.sbt#incremental-compiler_2.8.1;0.10.0
Module descriptor is processed : org.scala-tools.sbt#api_2.8.1;0.10.0
Sort done for : org.scala-tools.sbt#persist_2.8.1;0.10.0
Sort dependencies of : org.scala-tools.sbt#compile_2.8.1;0.10.0 / Number of dependencies = 7
Module descriptor is processed : org.scala-tools.sbt#launcher-interface;0.10.0
Module descriptor is processed : org.scala-tools.sbt#interface;0.10.0
Sort dependencies of : org.scala-tools.sbt#ivy_2.8.1;0.10.0 / Number of dependencies = 6
Sort dependencies of : org.apache.ivy#ivy;2.2.0 / Number of dependencies = 15
Sort dependencies of : com.jcraft#jsch;0.1.31 / Number of dependencies = 1
Sort done for : com.jcraft#jsch;0.1.31
Sort done for : org.apache.ivy#ivy;2.2.0
Module descriptor is processed : com.jcraft#jsch;0.1.31
Module descriptor is processed : org.scala-tools.sbt#interface;0.10.0
Module descriptor is processed : org.scala-tools.sbt#launcher-interface;0.10.0
Module descriptor is processed : org.scala-tools.sbt#logging_2.8.1;0.10.0
Module descriptor is processed : org.scala-tools.sbt#io_2.8.1;0.10.0
Sort done for : org.scala-tools.sbt#ivy_2.8.1;0.10.0
Module descriptor is processed : org.scala-tools.sbt#io_2.8.1;0.10.0
Module descriptor is processed : org.scala-tools.sbt#classpath_2.8.1;0.10.0
Sort dependencies of : org.scala-tools.sbt#compiler-interface;0.10.0 / Number of dependencies = 4
Module descriptor is processed : jline#jline;0.9.94
Module descriptor is processed : org.scala-tools.sbt#interface;0.10.0
Sort dependencies of : org.scala-tools.sbt#precompiled-2.7.7_2.7.7;0.10.0 / Number of dependencies = 1
Module descriptor is processed : org.scala-tools.sbt#interface;0.10.0
Sort done for : org.scala-tools.sbt#precompiled-2.7.7_2.7.7;0.10.0
Sort dependencies of : org.scala-tools.sbt#precompiled-2.9.0_2.9.0;0.10.0 / Number of dependencies = 1
Module descriptor is processed : org.scala-tools.sbt#interface;0.10.0
Sort done for : org.scala-tools.sbt#precompiled-2.9.0_2.9.0;0.10.0
Sort done for : org.scala-tools.sbt#compiler-interface;0.10.0
Module descriptor is processed : org.scala-tools.sbt#logging_2.8.1;0.10.0
Sort done for : org.scala-tools.sbt#compile_2.8.1;0.10.0
Sort dependencies of : org.scala-tools.sbt#completion_2.8.1;0.10.0 / Number of dependencies = 4
Module descriptor is processed : jline#jline;0.9.94
Module descriptor is processed : org.scala-tools.sbt#collections_2.8.1;0.10.0
Module descriptor is processed : org.scala-tools.sbt#control_2.8.1;0.10.0
Module descriptor is processed : org.scala-tools.sbt#io_2.8.1;0.10.0
Sort done for : org.scala-tools.sbt#completion_2.8.1;0.10.0
Sort dependencies of : org.scala-tools.sbt#discovery_2.8.1;0.10.0 / Number of dependencies = 2
Module descriptor is processed : org.scala-tools.sbt#incremental-compiler_2.8.1;0.10.0
Module descriptor is processed : org.scala-tools.sbt#api_2.8.1;0.10.0
Sort done for : org.scala-tools.sbt#discovery_2.8.1;0.10.0
Module descriptor is processed : org.scala-tools.sbt#interface;0.10.0
Module descriptor is processed : org.scala-tools.sbt#io_2.8.1;0.10.0
Module descriptor is processed : org.scala-tools.sbt#ivy_2.8.1;0.10.0
Module descriptor is processed : org.scala-tools.sbt#logging_2.8.1;0.10.0
Module descriptor is processed : org.scala-tools.sbt#process_2.8.1;0.10.0
Sort dependencies of : org.scala-tools.sbt#run_2.8.1;0.10.0 / Number of dependencies = 4
Module descriptor is processed : org.scala-tools.sbt#io_2.8.1;0.10.0
Module descriptor is processed : org.scala-tools.sbt#logging_2.8.1;0.10.0
Module descriptor is processed : org.scala-tools.sbt#classpath_2.8.1;0.10.0
Module descriptor is processed : org.scala-tools.sbt#process_2.8.1;0.10.0
Sort done for : org.scala-tools.sbt#run_2.8.1;0.10.0
Sort dependencies of : org.scala-tools.sbt#task-system_2.8.1;0.10.0 / Number of dependencies = 5
Sort dependencies of : org.scala-tools.sbt#tasks_2.8.1;0.10.0 / Number of dependencies = 2
Module descriptor is processed : org.scala-tools.sbt#control_2.8.1;0.10.0
Module descriptor is processed : org.scala-tools.sbt#collections_2.8.1;0.10.0
Sort done for : org.scala-tools.sbt#tasks_2.8.1;0.10.0
Module descriptor is processed : org.scala-tools.sbt#collections_2.8.1;0.10.0
Module descriptor is processed : org.scala-tools.sbt#logging_2.8.1;0.10.0
Module descriptor is processed : org.scala-tools.sbt#io_2.8.1;0.10.0
Module descriptor is processed : org.scala-tools.sbt#process_2.8.1;0.10.0
Sort done for : org.scala-tools.sbt#task-system_2.8.1;0.10.0
Module descriptor is processed : org.scala-tools.sbt#tasks_2.8.1;0.10.0
Sort dependencies of : org.scala-tools.sbt#tracking_2.8.1;0.10.0 / Number of dependencies = 2
Sort dependencies of : org.scala-tools.sbt#cache_2.8.1;0.10.0 / Number of dependencies = 3
Module descriptor is processed : org.scala-tools.sbinary#sbinary_2.8.1;0.4.0
Module descriptor is processed : org.scala-tools.sbt#io_2.8.1;0.10.0
Module descriptor is processed : org.scala-tools.sbt#collections_2.8.1;0.10.0
Sort done for : org.scala-tools.sbt#cache_2.8.1;0.10.0
Module descriptor is processed : org.scala-tools.sbt#io_2.8.1;0.10.0
Sort done for : org.scala-tools.sbt#tracking_2.8.1;0.10.0
Sort dependencies of : org.scala-tools.sbt#testing_2.8.1;0.10.0 / Number of dependencies = 4
Sort dependencies of : org.scala-tools.testing#test-interface;0.5 / Number of dependencies = 0
Sort done for : org.scala-tools.testing#test-interface;0.5
Module descriptor is processed : org.scala-tools.sbt#io_2.8.1;0.10.0
Module descriptor is processed : org.scala-tools.sbt#classpath_2.8.1;0.10.0
Module descriptor is processed : org.scala-tools.sbt#logging_2.8.1;0.10.0
Sort done for : org.scala-tools.sbt#testing_2.8.1;0.10.0
Sort done for : org.scala-tools.sbt#actions_2.8.1;0.10.0
Module descriptor is processed : org.scala-tools.sbt#interface;0.10.0
Module descriptor is processed : org.scala-tools.sbt#io_2.8.1;0.10.0
Module descriptor is processed : org.scala-tools.sbt#ivy_2.8.1;0.10.0
Module descriptor is processed : org.scala-tools.sbt#launcher-interface;0.10.0
Module descriptor is processed : org.scala-tools.sbt#logging_2.8.1;0.10.0
Module descriptor is processed : org.scala-tools.sbt#process_2.8.1;0.10.0
Module descriptor is processed : org.scala-tools.sbt#run_2.8.1;0.10.0
Sort done for : org.scala-tools.sbt#main_2.8.1;0.10.0
Sort done for : org.scala-tools.sbt#sbt_2.8.1;0.10.0
Module descriptor is processed : org.scala-tools.sbt#main_2.8.1;0.10.0
Module descriptor is processed : org.scala-tools.sbt#actions_2.8.1;0.10.0
Module descriptor is processed : org.scala-tools.sbt#interface;0.10.0
Module descriptor is processed : org.scala-tools.sbt#io_2.8.1;0.10.0
Module descriptor is processed : org.scala-tools.sbt#ivy_2.8.1;0.10.0
Module descriptor is processed : org.scala-tools.sbt#launcher-interface;0.10.0
Module descriptor is processed : org.scala-tools.sbt#logging_2.8.1;0.10.0
Module descriptor is processed : org.scala-tools.sbt#process_2.8.1;0.10.0
Module descriptor is processed : org.scala-tools.sbt#run_2.8.1;0.10.0
Module descriptor is processed : org.scala-tools.sbt#classfile_2.8.1;0.10.0
Module descriptor is processed : org.scala-tools.sbt#classpath_2.8.1;0.10.0
Module descriptor is processed : org.scala-tools.sbt#incremental-compiler_2.8.1;0.10.0
Module descriptor is processed : org.scala-tools.sbt#persist_2.8.1;0.10.0
Module descriptor is processed : org.scala-tools.sbt#compile_2.8.1;0.10.0
Module descriptor is processed : org.scala-tools.sbt#completion_2.8.1;0.10.0
Module descriptor is processed : org.scala-tools.sbt#discovery_2.8.1;0.10.0
Module descriptor is processed : org.scala-tools.sbt#task-system_2.8.1;0.10.0
Module descriptor is processed : org.scala-tools.sbt#tasks_2.8.1;0.10.0
Module descriptor is processed : org.scala-tools.sbt#tracking_2.8.1;0.10.0
Module descriptor is processed : org.scala-tools.sbt#testing_2.8.1;0.10.0
Module descriptor is processed : org.scala-tools.sbt#control_2.8.1;0.10.0
Module descriptor is processed : org.scala-tools.sbt#collections_2.8.1;0.10.0
Module descriptor is processed : org.scala-tools.sbt#api_2.8.1;0.10.0
Module descriptor is processed : org.scala-tools.sbinary#sbinary_2.8.1;0.4.0
Module descriptor is processed : org.scala-tools.sbt#compiler-interface;0.10.0
Module descriptor is processed : org.apache.ivy#ivy;2.2.0
Module descriptor is processed : com.jcraft#jsch;0.1.31
Module descriptor is processed : jline#jline;0.9.94
Module descriptor is processed : org.scala-tools.sbt#precompiled-2.7.7_2.7.7;0.10.0
Module descriptor is processed : org.scala-tools.sbt#precompiled-2.9.0_2.9.0;0.10.0
Module descriptor is processed : org.scala-tools.sbt#cache_2.8.1;0.10.0
Module descriptor is processed : org.scala-tools.testing#test-interface;0.5
	resolved ivy file produced in /home/takuya/.ivy2/cache/resolved-org.scala-tools.sbt-boot-app-1.0.xml
:: downloading artifacts ::
	[NOT REQUIRED] org.scala-tools.sbt#sbt_2.8.1;0.10.0!sbt_2.8.1.jar
	[NOT REQUIRED] org.scala-tools.sbt#main_2.8.1;0.10.0!main_2.8.1.jar
	[NOT REQUIRED] org.scala-tools.sbt#actions_2.8.1;0.10.0!actions_2.8.1.jar
	[NOT REQUIRED] org.scala-tools.sbt#interface;0.10.0!interface.jar
	[NOT REQUIRED] org.scala-tools.sbt#io_2.8.1;0.10.0!io_2.8.1.jar
	[NOT REQUIRED] org.scala-tools.sbt#ivy_2.8.1;0.10.0!ivy_2.8.1.jar
	[NOT REQUIRED] org.scala-tools.sbt#launcher-interface;0.10.0!launcher-interface.jar
	[NOT REQUIRED] org.scala-tools.sbt#logging_2.8.1;0.10.0!logging_2.8.1.jar
	[NOT REQUIRED] org.scala-tools.sbt#process_2.8.1;0.10.0!process_2.8.1.jar
	[NOT REQUIRED] org.scala-tools.sbt#run_2.8.1;0.10.0!run_2.8.1.jar
	[NOT REQUIRED] org.scala-tools.sbt#classfile_2.8.1;0.10.0!classfile_2.8.1.jar
	[NOT REQUIRED] org.scala-tools.sbt#classpath_2.8.1;0.10.0!classpath_2.8.1.jar
	[NOT REQUIRED] org.scala-tools.sbt#incremental-compiler_2.8.1;0.10.0!incremental-compiler_2.8.1.jar
	[NOT REQUIRED] org.scala-tools.sbt#persist_2.8.1;0.10.0!persist_2.8.1.jar
	[NOT REQUIRED] org.scala-tools.sbt#compile_2.8.1;0.10.0!compile_2.8.1.jar
	[NOT REQUIRED] org.scala-tools.sbt#completion_2.8.1;0.10.0!completion_2.8.1.jar
	[NOT REQUIRED] org.scala-tools.sbt#discovery_2.8.1;0.10.0!discovery_2.8.1.jar
	[NOT REQUIRED] org.scala-tools.sbt#task-system_2.8.1;0.10.0!task-system_2.8.1.jar
	[NOT REQUIRED] org.scala-tools.sbt#tasks_2.8.1;0.10.0!tasks_2.8.1.jar
	[NOT REQUIRED] org.scala-tools.sbt#tracking_2.8.1;0.10.0!tracking_2.8.1.jar
	[NOT REQUIRED] org.scala-tools.sbt#testing_2.8.1;0.10.0!testing_2.8.1.jar
	[NOT REQUIRED] org.scala-tools.sbt#control_2.8.1;0.10.0!control_2.8.1.jar
	[NOT REQUIRED] org.scala-tools.sbt#collections_2.8.1;0.10.0!collections_2.8.1.jar
	[NOT REQUIRED] org.scala-tools.sbt#api_2.8.1;0.10.0!api_2.8.1.jar
	[NOT REQUIRED] org.scala-tools.sbinary#sbinary_2.8.1;0.4.0!sbinary_2.8.1.jar
	[NOT REQUIRED] org.scala-tools.sbt#compiler-interface;0.10.0!compiler-interface-bin.jar
	[NOT REQUIRED] org.scala-tools.sbt#compiler-interface;0.10.0!compiler-interface-src.jar
	[NOT REQUIRED] org.apache.ivy#ivy;2.2.0!ivy.jar
	[NOT REQUIRED] com.jcraft#jsch;0.1.31!jsch.jar
	[NOT REQUIRED] jline#jline;0.9.94!jline.jar
	[NOT REQUIRED] org.scala-tools.sbt#precompiled-2.7.7_2.7.7;0.10.0!compiler-interface-bin.jar
	[NOT REQUIRED] org.scala-tools.sbt#precompiled-2.9.0_2.9.0;0.10.0!compiler-interface-bin.jar
	[NOT REQUIRED] org.scala-tools.sbt#cache_2.8.1;0.10.0!cache_2.8.1.jar
	[NOT REQUIRED] org.scala-tools.testing#test-interface;0.5!test-interface.jar
:: resolution report :: resolve 1078ms :: artifacts dl 177ms
Nbr of module to sort : 33
Sort dependencies of : org.scala-tools.sbt#sbt_2.8.1;0.10.0 / Number of dependencies = 1
Sort dependencies of : org.scala-tools.sbt#main_2.8.1;0.10.0 / Number of dependencies = 8
Sort dependencies of : org.scala-tools.sbt#actions_2.8.1;0.10.0 / Number of dependencies = 17
Sort dependencies of : org.scala-tools.sbt#classfile_2.8.1;0.10.0 / Number of dependencies = 3
Sort dependencies of : org.scala-tools.sbt#io_2.8.1;0.10.0 / Number of dependencies = 1
Sort dependencies of : org.scala-tools.sbt#control_2.8.1;0.10.0 / Number of dependencies = 0
Sort done for : org.scala-tools.sbt#control_2.8.1;0.10.0
Sort done for : org.scala-tools.sbt#io_2.8.1;0.10.0
Sort dependencies of : org.scala-tools.sbt#interface;0.10.0 / Number of dependencies = 0
Sort done for : org.scala-tools.sbt#interface;0.10.0
Sort dependencies of : org.scala-tools.sbt#logging_2.8.1;0.10.0 / Number of dependencies = 3
Sort dependencies of : jline#jline;0.9.94 / Number of dependencies = 1
Sort done for : jline#jline;0.9.94
Module descriptor is processed : org.scala-tools.sbt#interface;0.10.0
Sort dependencies of : org.scala-tools.sbt#process_2.8.1;0.10.0 / Number of dependencies = 0
Sort done for : org.scala-tools.sbt#process_2.8.1;0.10.0
Sort done for : org.scala-tools.sbt#logging_2.8.1;0.10.0
Sort done for : org.scala-tools.sbt#classfile_2.8.1;0.10.0
Sort dependencies of : org.scala-tools.sbt#classpath_2.8.1;0.10.0 / Number of dependencies = 2
Sort dependencies of : org.scala-tools.sbt#launcher-interface;0.10.0 / Number of dependencies = 0
Sort done for : org.scala-tools.sbt#launcher-interface;0.10.0
Module descriptor is processed : org.scala-tools.sbt#io_2.8.1;0.10.0
Sort done for : org.scala-tools.sbt#classpath_2.8.1;0.10.0
Sort dependencies of : org.scala-tools.sbt#incremental-compiler_2.8.1;0.10.0 / Number of dependencies = 4
Sort dependencies of : org.scala-tools.sbt#collections_2.8.1;0.10.0 / Number of dependencies = 0
Sort done for : org.scala-tools.sbt#collections_2.8.1;0.10.0
Sort dependencies of : org.scala-tools.sbt#api_2.8.1;0.10.0 / Number of dependencies = 1
Module descriptor is processed : org.scala-tools.sbt#interface;0.10.0
Sort done for : org.scala-tools.sbt#api_2.8.1;0.10.0
Module descriptor is processed : org.scala-tools.sbt#io_2.8.1;0.10.0
Module descriptor is processed : org.scala-tools.sbt#logging_2.8.1;0.10.0
Sort done for : org.scala-tools.sbt#incremental-compiler_2.8.1;0.10.0
Sort dependencies of : org.scala-tools.sbt#persist_2.8.1;0.10.0 / Number of dependencies = 3
Sort dependencies of : org.scala-tools.sbinary#sbinary_2.8.1;0.4.0 / Number of dependencies = 1
Sort done for : org.scala-tools.sbinary#sbinary_2.8.1;0.4.0
Module descriptor is processed : org.scala-tools.sbt#incremental-compiler_2.8.1;0.10.0
Module descriptor is processed : org.scala-tools.sbt#api_2.8.1;0.10.0
Sort done for : org.scala-tools.sbt#persist_2.8.1;0.10.0
Sort dependencies of : org.scala-tools.sbt#compile_2.8.1;0.10.0 / Number of dependencies = 7
Module descriptor is processed : org.scala-tools.sbt#launcher-interface;0.10.0
Module descriptor is processed : org.scala-tools.sbt#interface;0.10.0
Sort dependencies of : org.scala-tools.sbt#ivy_2.8.1;0.10.0 / Number of dependencies = 6
Sort dependencies of : org.apache.ivy#ivy;2.2.0 / Number of dependencies = 15
Sort dependencies of : com.jcraft#jsch;0.1.31 / Number of dependencies = 1
Sort done for : com.jcraft#jsch;0.1.31
Sort done for : org.apache.ivy#ivy;2.2.0
Module descriptor is processed : com.jcraft#jsch;0.1.31
Module descriptor is processed : org.scala-tools.sbt#interface;0.10.0
Module descriptor is processed : org.scala-tools.sbt#launcher-interface;0.10.0
Module descriptor is processed : org.scala-tools.sbt#logging_2.8.1;0.10.0
Module descriptor is processed : org.scala-tools.sbt#io_2.8.1;0.10.0
Sort done for : org.scala-tools.sbt#ivy_2.8.1;0.10.0
Module descriptor is processed : org.scala-tools.sbt#io_2.8.1;0.10.0
Module descriptor is processed : org.scala-tools.sbt#classpath_2.8.1;0.10.0
Sort dependencies of : org.scala-tools.sbt#compiler-interface;0.10.0 / Number of dependencies = 4
Module descriptor is processed : jline#jline;0.9.94
Module descriptor is processed : org.scala-tools.sbt#interface;0.10.0
Sort dependencies of : org.scala-tools.sbt#precompiled-2.7.7_2.7.7;0.10.0 / Number of dependencies = 1
Module descriptor is processed : org.scala-tools.sbt#interface;0.10.0
Sort done for : org.scala-tools.sbt#precompiled-2.7.7_2.7.7;0.10.0
Sort dependencies of : org.scala-tools.sbt#precompiled-2.9.0_2.9.0;0.10.0 / Number of dependencies = 1
Module descriptor is processed : org.scala-tools.sbt#interface;0.10.0
Sort done for : org.scala-tools.sbt#precompiled-2.9.0_2.9.0;0.10.0
Sort done for : org.scala-tools.sbt#compiler-interface;0.10.0
Module descriptor is processed : org.scala-tools.sbt#logging_2.8.1;0.10.0
Sort done for : org.scala-tools.sbt#compile_2.8.1;0.10.0
Sort dependencies of : org.scala-tools.sbt#completion_2.8.1;0.10.0 / Number of dependencies = 4
Module descriptor is processed : jline#jline;0.9.94
Module descriptor is processed : org.scala-tools.sbt#collections_2.8.1;0.10.0
Module descriptor is processed : org.scala-tools.sbt#control_2.8.1;0.10.0
Module descriptor is processed : org.scala-tools.sbt#io_2.8.1;0.10.0
Sort done for : org.scala-tools.sbt#completion_2.8.1;0.10.0
Sort dependencies of : org.scala-tools.sbt#discovery_2.8.1;0.10.0 / Number of dependencies = 2
Module descriptor is processed : org.scala-tools.sbt#incremental-compiler_2.8.1;0.10.0
Module descriptor is processed : org.scala-tools.sbt#api_2.8.1;0.10.0
Sort done for : org.scala-tools.sbt#discovery_2.8.1;0.10.0
Module descriptor is processed : org.scala-tools.sbt#interface;0.10.0
Module descriptor is processed : org.scala-tools.sbt#io_2.8.1;0.10.0
Module descriptor is processed : org.scala-tools.sbt#ivy_2.8.1;0.10.0
Module descriptor is processed : org.scala-tools.sbt#logging_2.8.1;0.10.0
Module descriptor is processed : org.scala-tools.sbt#process_2.8.1;0.10.0
Sort dependencies of : org.scala-tools.sbt#run_2.8.1;0.10.0 / Number of dependencies = 4
Module descriptor is processed : org.scala-tools.sbt#io_2.8.1;0.10.0
Module descriptor is processed : org.scala-tools.sbt#logging_2.8.1;0.10.0
Module descriptor is processed : org.scala-tools.sbt#classpath_2.8.1;0.10.0
Module descriptor is processed : org.scala-tools.sbt#process_2.8.1;0.10.0
Sort done for : org.scala-tools.sbt#run_2.8.1;0.10.0
Sort dependencies of : org.scala-tools.sbt#task-system_2.8.1;0.10.0 / Number of dependencies = 5
Sort dependencies of : org.scala-tools.sbt#tasks_2.8.1;0.10.0 / Number of dependencies = 2
Module descriptor is processed : org.scala-tools.sbt#control_2.8.1;0.10.0
Module descriptor is processed : org.scala-tools.sbt#collections_2.8.1;0.10.0
Sort done for : org.scala-tools.sbt#tasks_2.8.1;0.10.0
Module descriptor is processed : org.scala-tools.sbt#collections_2.8.1;0.10.0
Module descriptor is processed : org.scala-tools.sbt#logging_2.8.1;0.10.0
Module descriptor is processed : org.scala-tools.sbt#io_2.8.1;0.10.0
Module descriptor is processed : org.scala-tools.sbt#process_2.8.1;0.10.0
Sort done for : org.scala-tools.sbt#task-system_2.8.1;0.10.0
Module descriptor is processed : org.scala-tools.sbt#tasks_2.8.1;0.10.0
Sort dependencies of : org.scala-tools.sbt#tracking_2.8.1;0.10.0 / Number of dependencies = 2
Sort dependencies of : org.scala-tools.sbt#cache_2.8.1;0.10.0 / Number of dependencies = 3
Module descriptor is processed : org.scala-tools.sbinary#sbinary_2.8.1;0.4.0
Module descriptor is processed : org.scala-tools.sbt#io_2.8.1;0.10.0
Module descriptor is processed : org.scala-tools.sbt#collections_2.8.1;0.10.0
Sort done for : org.scala-tools.sbt#cache_2.8.1;0.10.0
Module descriptor is processed : org.scala-tools.sbt#io_2.8.1;0.10.0
Sort done for : org.scala-tools.sbt#tracking_2.8.1;0.10.0
Sort dependencies of : org.scala-tools.sbt#testing_2.8.1;0.10.0 / Number of dependencies = 4
Sort dependencies of : org.scala-tools.testing#test-interface;0.5 / Number of dependencies = 0
Sort done for : org.scala-tools.testing#test-interface;0.5
Module descriptor is processed : org.scala-tools.sbt#io_2.8.1;0.10.0
Module descriptor is processed : org.scala-tools.sbt#classpath_2.8.1;0.10.0
Module descriptor is processed : org.scala-tools.sbt#logging_2.8.1;0.10.0
Sort done for : org.scala-tools.sbt#testing_2.8.1;0.10.0
Sort done for : org.scala-tools.sbt#actions_2.8.1;0.10.0
Module descriptor is processed : org.scala-tools.sbt#interface;0.10.0
Module descriptor is processed : org.scala-tools.sbt#io_2.8.1;0.10.0
Module descriptor is processed : org.scala-tools.sbt#ivy_2.8.1;0.10.0
Module descriptor is processed : org.scala-tools.sbt#launcher-interface;0.10.0
Module descriptor is processed : org.scala-tools.sbt#logging_2.8.1;0.10.0
Module descriptor is processed : org.scala-tools.sbt#process_2.8.1;0.10.0
Module descriptor is processed : org.scala-tools.sbt#run_2.8.1;0.10.0
Sort done for : org.scala-tools.sbt#main_2.8.1;0.10.0
Sort done for : org.scala-tools.sbt#sbt_2.8.1;0.10.0
Module descriptor is processed : org.scala-tools.sbt#main_2.8.1;0.10.0
Module descriptor is processed : org.scala-tools.sbt#actions_2.8.1;0.10.0
Module descriptor is processed : org.scala-tools.sbt#classfile_2.8.1;0.10.0
Module descriptor is processed : org.scala-tools.sbt#io_2.8.1;0.10.0
Module descriptor is processed : org.scala-tools.sbt#control_2.8.1;0.10.0
Module descriptor is processed : org.scala-tools.sbt#interface;0.10.0
Module descriptor is processed : org.scala-tools.sbt#logging_2.8.1;0.10.0
Module descriptor is processed : org.scala-tools.sbt#process_2.8.1;0.10.0
Module descriptor is processed : org.scala-tools.sbt#classpath_2.8.1;0.10.0
Module descriptor is processed : org.scala-tools.sbt#launcher-interface;0.10.0
Module descriptor is processed : org.scala-tools.sbt#incremental-compiler_2.8.1;0.10.0
Module descriptor is processed : org.scala-tools.sbt#collections_2.8.1;0.10.0
Module descriptor is processed : org.scala-tools.sbt#api_2.8.1;0.10.0
Module descriptor is processed : org.scala-tools.sbt#persist_2.8.1;0.10.0
Module descriptor is processed : org.scala-tools.sbinary#sbinary_2.8.1;0.4.0
Module descriptor is processed : org.scala-tools.sbt#compile_2.8.1;0.10.0
Module descriptor is processed : org.scala-tools.sbt#ivy_2.8.1;0.10.0
Module descriptor is processed : org.apache.ivy#ivy;2.2.0
Module descriptor is processed : com.jcraft#jsch;0.1.31
Module descriptor is processed : org.scala-tools.sbt#compiler-interface;0.10.0
Module descriptor is processed : jline#jline;0.9.94
Module descriptor is processed : org.scala-tools.sbt#precompiled-2.7.7_2.7.7;0.10.0
Module descriptor is processed : org.scala-tools.sbt#precompiled-2.9.0_2.9.0;0.10.0
Module descriptor is processed : org.scala-tools.sbt#completion_2.8.1;0.10.0
Module descriptor is processed : org.scala-tools.sbt#discovery_2.8.1;0.10.0
Module descriptor is processed : org.scala-tools.sbt#run_2.8.1;0.10.0
Module descriptor is processed : org.scala-tools.sbt#task-system_2.8.1;0.10.0
Module descriptor is processed : org.scala-tools.sbt#tasks_2.8.1;0.10.0
Module descriptor is processed : org.scala-tools.sbt#tracking_2.8.1;0.10.0
Module descriptor is processed : org.scala-tools.sbt#cache_2.8.1;0.10.0
Module descriptor is processed : org.scala-tools.sbt#testing_2.8.1;0.10.0
Module descriptor is processed : org.scala-tools.testing#test-interface;0.5
	report for org.scala-tools.sbt#boot-app;1.0 default produced in /home/takuya/.ivy2/cache/org.scala-tools.sbt-boot-app-default.xml
	resolve done (1078ms resolve - 177ms download)
:: retrieving :: org.scala-tools.sbt#boot-app
	checkUpToDate=true
no explicit confs given for retrieve, using ivy file: /home/takuya/.ivy2/cache/resolved-org.scala-tools.sbt-boot-app-1.0.xml
using ivy parser to parse /home/takuya/.ivy2/cache/resolved-org.scala-tools.sbt-boot-app-1.0.xml
post 1.3 ivy file: using exact as default matcher
	confs: [default]
	retrieving /home/takuya/.ivy2/local/org.scala-tools.sbt/tasks_2.8.1/0.10.0/jars/tasks_2.8.1.jar
		to /data/src/github/sandobx/scala/unfiltered-sample/project/boot/scala-2.8.1/org.scala-tools.sbt/sbt/0.10.0/tasks_2.8.1-0.10.0.jar
	retrieving /home/takuya/.ivy2/local/org.scala-tools.sbt/process_2.8.1/0.10.0/jars/process_2.8.1.jar
		to /data/src/github/sandobx/scala/unfiltered-sample/project/boot/scala-2.8.1/org.scala-tools.sbt/sbt/0.10.0/process_2.8.1-0.10.0.jar
	retrieving /home/takuya/.ivy2/local/org.scala-tools.sbt/control_2.8.1/0.10.0/jars/control_2.8.1.jar
		to /data/src/github/sandobx/scala/unfiltered-sample/project/boot/scala-2.8.1/org.scala-tools.sbt/sbt/0.10.0/control_2.8.1-0.10.0.jar
	retrieving /home/takuya/.ivy2/local/org.scala-tools.sbt/testing_2.8.1/0.10.0/jars/testing_2.8.1.jar
		to /data/src/github/sandobx/scala/unfiltered-sample/project/boot/scala-2.8.1/org.scala-tools.sbt/sbt/0.10.0/testing_2.8.1-0.10.0.jar
	retrieving /home/takuya/.ivy2/local/org.scala-tools.sbt/classfile_2.8.1/0.10.0/jars/classfile_2.8.1.jar
		to /data/src/github/sandobx/scala/unfiltered-sample/project/boot/scala-2.8.1/org.scala-tools.sbt/sbt/0.10.0/classfile_2.8.1-0.10.0.jar
	retrieving /home/takuya/.ivy2/local/org.scala-tools.sbt/logging_2.8.1/0.10.0/jars/logging_2.8.1.jar
		to /data/src/github/sandobx/scala/unfiltered-sample/project/boot/scala-2.8.1/org.scala-tools.sbt/sbt/0.10.0/logging_2.8.1-0.10.0.jar
	retrieving /home/takuya/.ivy2/local/org.scala-tools.sbt/discovery_2.8.1/0.10.0/jars/discovery_2.8.1.jar
		to /data/src/github/sandobx/scala/unfiltered-sample/project/boot/scala-2.8.1/org.scala-tools.sbt/sbt/0.10.0/discovery_2.8.1-0.10.0.jar
	retrieving /home/takuya/.ivy2/local/org.scala-tools.sbt/compile_2.8.1/0.10.0/jars/compile_2.8.1.jar
		to /data/src/github/sandobx/scala/unfiltered-sample/project/boot/scala-2.8.1/org.scala-tools.sbt/sbt/0.10.0/compile_2.8.1-0.10.0.jar
	retrieving /home/takuya/.ivy2/local/org.scala-tools.sbt/task-system_2.8.1/0.10.0/jars/task-system_2.8.1.jar
		to /data/src/github/sandobx/scala/unfiltered-sample/project/boot/scala-2.8.1/org.scala-tools.sbt/sbt/0.10.0/task-system_2.8.1-0.10.0.jar
	retrieving /home/takuya/.ivy2/cache/org.scala-tools.sbt/actions_2.8.1/jars/actions_2.8.1-0.10.0.jar
		to /data/src/github/sandobx/scala/unfiltered-sample/project/boot/scala-2.8.1/org.scala-tools.sbt/sbt/0.10.0/actions_2.8.1-0.10.0.jar
	retrieving /home/takuya/.ivy2/local/org.scala-tools.sbt/run_2.8.1/0.10.0/jars/run_2.8.1.jar
		to /data/src/github/sandobx/scala/unfiltered-sample/project/boot/scala-2.8.1/org.scala-tools.sbt/sbt/0.10.0/run_2.8.1-0.10.0.jar
	retrieving /home/takuya/.ivy2/local/org.scala-tools.sbt/ivy_2.8.1/0.10.0/jars/ivy_2.8.1.jar
		to /data/src/github/sandobx/scala/unfiltered-sample/project/boot/scala-2.8.1/org.scala-tools.sbt/sbt/0.10.0/ivy_2.8.1-0.10.0.jar
	retrieving /home/takuya/.ivy2/cache/org.scala-tools.sbt/completion_2.8.1/jars/completion_2.8.1-0.10.0.jar
		to /data/src/github/sandobx/scala/unfiltered-sample/project/boot/scala-2.8.1/org.scala-tools.sbt/sbt/0.10.0/completion_2.8.1-0.10.0.jar
	retrieving /home/takuya/.ivy2/local/org.scala-tools.sbt/compiler-interface/0.10.0/jars/compiler-interface-bin.jar
		to /data/src/github/sandobx/scala/unfiltered-sample/project/boot/scala-2.8.1/org.scala-tools.sbt/sbt/0.10.0/compiler-interface-bin_2.8.1.final/compiler-interface-bin-0.10.0.jar
	retrieving /home/takuya/.ivy2/cache/org.scala-tools.sbt/main_2.8.1/jars/main_2.8.1-0.10.0.jar
		to /data/src/github/sandobx/scala/unfiltered-sample/project/boot/scala-2.8.1/org.scala-tools.sbt/sbt/0.10.0/main_2.8.1-0.10.0.jar
	retrieving /home/takuya/.ivy2/cache/org.scala-tools.sbinary/sbinary_2.8.1/jars/sbinary_2.8.1-0.4.0.jar
		to /data/src/github/sandobx/scala/unfiltered-sample/project/boot/scala-2.8.1/org.scala-tools.sbt/sbt/0.10.0/sbinary_2.8.1-0.4.0.jar
	retrieving /home/takuya/.ivy2/cache/com.jcraft/jsch/jars/jsch-0.1.31.jar
		to /data/src/github/sandobx/scala/unfiltered-sample/project/boot/scala-2.8.1/org.scala-tools.sbt/sbt/0.10.0/jsch-0.1.31.jar
	retrieving /home/takuya/.ivy2/local/org.scala-tools.sbt/compiler-interface/0.10.0/jars/compiler-interface-src.jar
		to /data/src/github/sandobx/scala/unfiltered-sample/project/boot/scala-2.8.1/org.scala-tools.sbt/sbt/0.10.0/compiler-interface-src/compiler-interface-src-0.10.0.jar
	retrieving /home/takuya/.ivy2/local/org.scala-tools.sbt/classpath_2.8.1/0.10.0/jars/classpath_2.8.1.jar
		to /data/src/github/sandobx/scala/unfiltered-sample/project/boot/scala-2.8.1/org.scala-tools.sbt/sbt/0.10.0/classpath_2.8.1-0.10.0.jar
	retrieving /home/takuya/.ivy2/local/org.scala-tools.sbt/io_2.8.1/0.10.0/jars/io_2.8.1.jar
		to /data/src/github/sandobx/scala/unfiltered-sample/project/boot/scala-2.8.1/org.scala-tools.sbt/sbt/0.10.0/io_2.8.1-0.10.0.jar
	retrieving /home/takuya/.ivy2/local/org.scala-tools.sbt/tracking_2.8.1/0.10.0/jars/tracking_2.8.1.jar
		to /data/src/github/sandobx/scala/unfiltered-sample/project/boot/scala-2.8.1/org.scala-tools.sbt/sbt/0.10.0/tracking_2.8.1-0.10.0.jar
	retrieving /home/takuya/.ivy2/cache/org.scala-tools.testing/test-interface/jars/test-interface-0.5.jar
		to /data/src/github/sandobx/scala/unfiltered-sample/project/boot/scala-2.8.1/org.scala-tools.sbt/sbt/0.10.0/test-interface-0.5.jar
	retrieving /home/takuya/.ivy2/local/org.scala-tools.sbt/launcher-interface/0.10.0/jars/launcher-interface.jar
		to /data/src/github/sandobx/scala/unfiltered-sample/project/boot/scala-2.8.1/org.scala-tools.sbt/sbt/0.10.0/launcher-interface-0.10.0.jar
	retrieving /home/takuya/.ivy2/local/org.scala-tools.sbt/interface/0.10.0/jars/interface.jar
		to /data/src/github/sandobx/scala/unfiltered-sample/project/boot/scala-2.8.1/org.scala-tools.sbt/sbt/0.10.0/xsbti/interface-0.10.0.jar
	retrieving /home/takuya/.ivy2/local/org.scala-tools.sbt/api_2.8.1/0.10.0/jars/api_2.8.1.jar
		to /data/src/github/sandobx/scala/unfiltered-sample/project/boot/scala-2.8.1/org.scala-tools.sbt/sbt/0.10.0/api_2.8.1-0.10.0.jar
	retrieving /home/takuya/.ivy2/local/org.scala-tools.sbt/precompiled-2.7.7_2.7.7/0.10.0/jars/compiler-interface-bin.jar
		to /data/src/github/sandobx/scala/unfiltered-sample/project/boot/scala-2.8.1/org.scala-tools.sbt/sbt/0.10.0/compiler-interface-bin_2.7.7.final/compiler-interface-bin-0.10.0.jar
	retrieving /home/takuya/.ivy2/cache/jline/jline/jars/jline-0.9.94.jar
		to /data/src/github/sandobx/scala/unfiltered-sample/project/boot/scala-2.8.1/org.scala-tools.sbt/sbt/0.10.0/compiler-interface-src/jline-0.9.94.jar
	retrieving /home/takuya/.ivy2/local/org.scala-tools.sbt/persist_2.8.1/0.10.0/jars/persist_2.8.1.jar
		to /data/src/github/sandobx/scala/unfiltered-sample/project/boot/scala-2.8.1/org.scala-tools.sbt/sbt/0.10.0/persist_2.8.1-0.10.0.jar
	retrieving /home/takuya/.ivy2/local/org.scala-tools.sbt/collections_2.8.1/0.10.0/jars/collections_2.8.1.jar
		to /data/src/github/sandobx/scala/unfiltered-sample/project/boot/scala-2.8.1/org.scala-tools.sbt/sbt/0.10.0/collections_2.8.1-0.10.0.jar
	retrieving /home/takuya/.ivy2/cache/org.apache.ivy/ivy/jars/ivy-2.2.0.jar
		to /data/src/github/sandobx/scala/unfiltered-sample/project/boot/scala-2.8.1/org.scala-tools.sbt/sbt/0.10.0/ivy-2.2.0.jar
	retrieving /home/takuya/.ivy2/local/org.scala-tools.sbt/incremental-compiler_2.8.1/0.10.0/jars/incremental-compiler_2.8.1.jar
		to /data/src/github/sandobx/scala/unfiltered-sample/project/boot/scala-2.8.1/org.scala-tools.sbt/sbt/0.10.0/incremental-compiler_2.8.1-0.10.0.jar
	retrieving /home/takuya/.ivy2/cache/org.scala-tools.sbt/sbt_2.8.1/jars/sbt_2.8.1-0.10.0.jar
		to /data/src/github/sandobx/scala/unfiltered-sample/project/boot/scala-2.8.1/org.scala-tools.sbt/sbt/0.10.0/sbt_2.8.1-0.10.0.jar
	retrieving /home/takuya/.ivy2/local/org.scala-tools.sbt/cache_2.8.1/0.10.0/jars/cache_2.8.1.jar
		to /data/src/github/sandobx/scala/unfiltered-sample/project/boot/scala-2.8.1/org.scala-tools.sbt/sbt/0.10.0/cache_2.8.1-0.10.0.jar
	retrieving /home/takuya/.ivy2/local/org.scala-tools.sbt/precompiled-2.9.0_2.9.0/0.10.0/jars/compiler-interface-bin.jar
		to /data/src/github/sandobx/scala/unfiltered-sample/project/boot/scala-2.8.1/org.scala-tools.sbt/sbt/0.10.0/compiler-interface-bin_2.9.0.final/compiler-interface-bin-0.10.0.jar
	34 artifacts copied, 0 already retrieved (6012kB/419ms)
	retrieve done (419ms)
